18:33:35 [ultranest] [DEBUG] ReactiveNestedSampler: dims=3+0, resume=True, log_dir=ultranest_plane/run0, backend=hdf5, vectorized=False, nbootstraps=30, ndraw=128..65536
18:33:43 [ultranest] [INFO] Sampling 400 live points from prior ...
18:33:43 [ultranest] [DEBUG] run_iter dlogz=0.5, dKL=0.5, frac_remain=0.01, Lepsilon=0.0010, min_ess=400
18:33:43 [ultranest] [DEBUG] max_iters=-1, max_ncalls=-1, max_num_improvement_loops=3, min_num_live_points=400, cluster_num_live_points=40
18:33:43 [ultranest] [DEBUG] minimal_widths_sequence: [(-inf, 400.0), (inf, 400.0)]
18:33:44 [ultranest] [DEBUG] iteration=0, ncalls=410, regioncalls=0, ndraw=40, logz=-inf, remainder_fraction=100.0000%, Lmin=-872092982.95, Lmax=-227.49
18:33:44 [ultranest] [DEBUG] iteration=10, ncalls=490, regioncalls=0, ndraw=40, logz=-658222692.75, remainder_fraction=100.0000%, Lmin=-652604375.02, Lmax=-227.49
18:33:44 [ultranest] [DEBUG] iteration=38, ncalls=682, regioncalls=0, ndraw=40, logz=-509452286.91, remainder_fraction=100.0000%, Lmin=-506818244.16, Lmax=-227.49
18:33:44 [ultranest] [DEBUG] iteration=40, ncalls=696, regioncalls=0, ndraw=40, logz=-504532450.28, remainder_fraction=100.0000%, Lmin=-504198734.35, Lmax=-227.49
18:33:44 [ultranest] [DEBUG] iteration=66, ncalls=893, regioncalls=0, ndraw=40, logz=-393307734.26, remainder_fraction=100.0000%, Lmin=-388127311.03, Lmax=-227.49
18:33:44 [ultranest] [DEBUG] iteration=80, ncalls=992, regioncalls=0, ndraw=40, logz=-357852327.74, remainder_fraction=100.0000%, Lmin=-347013537.73, Lmax=-227.49
18:33:44 [ultranest] [DEBUG] iteration=100, ncalls=1137, regioncalls=0, ndraw=40, logz=-284641967.98, remainder_fraction=100.0000%, Lmin=-284355529.11, Lmax=-227.49
18:33:44 [ultranest] [DEBUG] iteration=119, ncalls=1274, regioncalls=0, ndraw=40, logz=-250736090.05, remainder_fraction=100.0000%, Lmin=-249008355.50, Lmax=-227.49
18:33:44 [ultranest] [DEBUG] iteration=120, ncalls=1281, regioncalls=0, ndraw=40, logz=-249008361.79, remainder_fraction=100.0000%, Lmin=-245348376.09, Lmax=-227.49
18:33:44 [ultranest] [DEBUG] iteration=147, ncalls=1479, regioncalls=0, ndraw=40, logz=-189249658.58, remainder_fraction=100.0000%, Lmin=-189225525.70, Lmax=-208.33
18:33:44 [ultranest] [DEBUG] iteration=160, ncalls=1580, regioncalls=0, ndraw=40, logz=-168141028.53, remainder_fraction=100.0000%, Lmin=-167337258.40, Lmax=-208.33
18:33:44 [ultranest] [DEBUG] iteration=182, ncalls=1762, regioncalls=0, ndraw=40, logz=-133556617.11, remainder_fraction=100.0000%, Lmin=-132718601.75, Lmax=-208.33
18:33:44 [ultranest] [DEBUG] iteration=200, ncalls=1888, regioncalls=0, ndraw=40, logz=-116293007.72, remainder_fraction=100.0000%, Lmin=-115985563.02, Lmax=-208.33
18:33:45 [ultranest] [DEBUG] iteration=223, ncalls=2066, regioncalls=0, ndraw=40, logz=-93344069.71, remainder_fraction=100.0000%, Lmin=-93123443.81, Lmax=-208.33
18:33:45 [ultranest] [DEBUG] iteration=240, ncalls=2213, regioncalls=0, ndraw=40, logz=-76692955.95, remainder_fraction=100.0000%, Lmin=-76418172.22, Lmax=-208.33
18:33:45 [ultranest] [DEBUG] iteration=265, ncalls=2435, regioncalls=0, ndraw=40, logz=-62807450.74, remainder_fraction=100.0000%, Lmin=-62601044.35, Lmax=-208.33
18:33:45 [ultranest] [DEBUG] iteration=270, ncalls=2480, regioncalls=0, ndraw=40, logz=-60980253.52, remainder_fraction=100.0000%, Lmin=-60836155.46, Lmax=-208.33
18:33:45 [ultranest] [DEBUG] iteration=280, ncalls=2563, regioncalls=0, ndraw=40, logz=-57379391.27, remainder_fraction=100.0000%, Lmin=-57300067.08, Lmax=-208.33
18:33:45 [ultranest] [DEBUG] iteration=301, ncalls=2757, regioncalls=0, ndraw=40, logz=-46196597.01, remainder_fraction=100.0000%, Lmin=-44402392.09, Lmax=-208.33
18:33:45 [ultranest] [DEBUG] iteration=320, ncalls=2944, regioncalls=0, ndraw=40, logz=-36915646.86, remainder_fraction=100.0000%, Lmin=-36790915.22, Lmax=-208.33
18:33:45 [ultranest] [DEBUG] iteration=344, ncalls=3166, regioncalls=0, ndraw=40, logz=-32221828.45, remainder_fraction=100.0000%, Lmin=-32013447.81, Lmax=-208.33
18:33:45 [ultranest] [DEBUG] iteration=360, ncalls=3303, regioncalls=0, ndraw=40, logz=-28677249.40, remainder_fraction=100.0000%, Lmin=-28421464.37, Lmax=-140.97
18:33:45 [ultranest] [DEBUG] iteration=381, ncalls=3491, regioncalls=0, ndraw=40, logz=-21806279.03, remainder_fraction=100.0000%, Lmin=-21643912.44, Lmax=-140.97
18:33:45 [ultranest] [DEBUG] iteration=400, ncalls=3685, regioncalls=0, ndraw=40, logz=-18191181.01, remainder_fraction=100.0000%, Lmin=-17814430.29, Lmax=-140.97
18:33:45 [ultranest] [DEBUG] iteration=426, ncalls=3930, regioncalls=0, ndraw=40, logz=-14855237.83, remainder_fraction=100.0000%, Lmin=-14807864.45, Lmax=-140.97
18:33:46 [ultranest] [DEBUG] iteration=440, ncalls=4068, regioncalls=0, ndraw=40, logz=-13493362.88, remainder_fraction=100.0000%, Lmin=-13275579.14, Lmax=-140.97
18:33:46 [ultranest] [DEBUG] iteration=450, ncalls=4148, regioncalls=0, ndraw=40, logz=-12459453.50, remainder_fraction=100.0000%, Lmin=-12384657.01, Lmax=-140.97
18:33:46 [ultranest] [DEBUG] iteration=472, ncalls=4374, regioncalls=0, ndraw=40, logz=-9896496.32, remainder_fraction=100.0000%, Lmin=-9869850.87, Lmax=-140.97
18:33:46 [ultranest] [DEBUG] iteration=480, ncalls=4452, regioncalls=0, ndraw=40, logz=-9449589.86, remainder_fraction=100.0000%, Lmin=-9145807.13, Lmax=-140.97
18:33:46 [ultranest] [DEBUG] iteration=499, ncalls=4626, regioncalls=0, ndraw=40, logz=-7294041.57, remainder_fraction=100.0000%, Lmin=-7229142.63, Lmax=-140.97
18:33:46 [ultranest] [DEBUG] iteration=520, ncalls=4811, regioncalls=0, ndraw=40, logz=-6057120.54, remainder_fraction=100.0000%, Lmin=-6034762.32, Lmax=-140.97
18:33:46 [ultranest] [DEBUG] iteration=541, ncalls=5018, regioncalls=0, ndraw=40, logz=-5236961.68, remainder_fraction=100.0000%, Lmin=-5065533.55, Lmax=-140.97
18:33:46 [ultranest] [DEBUG] iteration=560, ncalls=5200, regioncalls=0, ndraw=40, logz=-4350246.22, remainder_fraction=100.0000%, Lmin=-4326294.47, Lmax=-5.29
18:33:46 [ultranest] [DEBUG] iteration=580, ncalls=5402, regioncalls=0, ndraw=40, logz=-3635413.53, remainder_fraction=100.0000%, Lmin=-3614921.88, Lmax=-0.46
18:33:46 [ultranest] [DEBUG] iteration=600, ncalls=5653, regioncalls=0, ndraw=40, logz=-3037017.15, remainder_fraction=100.0000%, Lmin=-3004270.60, Lmax=-0.46
18:33:46 [ultranest] [DEBUG] iteration=625, ncalls=5953, regioncalls=0, ndraw=40, logz=-2400758.92, remainder_fraction=100.0000%, Lmin=-2384503.93, Lmax=-0.46
18:33:47 [ultranest] [DEBUG] iteration=640, ncalls=6133, regioncalls=0, ndraw=40, logz=-2080687.75, remainder_fraction=100.0000%, Lmin=-2044127.84, Lmax=-0.46
18:33:47 [ultranest] [DEBUG] iteration=659, ncalls=6384, regioncalls=0, ndraw=40, logz=-1767168.49, remainder_fraction=100.0000%, Lmin=-1758367.41, Lmax=-0.46
18:33:47 [ultranest] [DEBUG] iteration=680, ncalls=6639, regioncalls=0, ndraw=40, logz=-1538104.87, remainder_fraction=100.0000%, Lmin=-1531154.60, Lmax=-0.46
18:33:47 [ultranest] [DEBUG] iteration=702, ncalls=6922, regioncalls=0, ndraw=40, logz=-1329529.27, remainder_fraction=100.0000%, Lmin=-1324720.43, Lmax=-0.46
18:33:47 [ultranest] [DEBUG] iteration=720, ncalls=7145, regioncalls=0, ndraw=40, logz=-1109202.89, remainder_fraction=100.0000%, Lmin=-1106583.26, Lmax=-0.46
18:33:47 [ultranest] [DEBUG] iteration=738, ncalls=7350, regioncalls=0, ndraw=40, logz=-974287.40, remainder_fraction=100.0000%, Lmin=-957380.48, Lmax=-0.46
18:33:47 [ultranest] [DEBUG] iteration=752, ncalls=7568, regioncalls=0, ndraw=40, logz=-888476.20, remainder_fraction=100.0000%, Lmin=-887779.53, Lmax=-0.46
18:33:47 [ultranest] [DEBUG] iteration=760, ncalls=7675, regioncalls=0, ndraw=40, logz=-844218.27, remainder_fraction=100.0000%, Lmin=-840092.57, Lmax=-0.46
18:33:47 [ultranest] [DEBUG] iteration=783, ncalls=7949, regioncalls=0, ndraw=40, logz=-733471.07, remainder_fraction=100.0000%, Lmin=-732758.56, Lmax=-0.46
18:33:47 [ultranest] [DEBUG] iteration=800, ncalls=8181, regioncalls=0, ndraw=40, logz=-673093.99, remainder_fraction=100.0000%, Lmin=-667259.09, Lmax=-0.46
18:33:47 [ultranest] [DEBUG] iteration=815, ncalls=8384, regioncalls=0, ndraw=40, logz=-613165.99, remainder_fraction=100.0000%, Lmin=-610777.19, Lmax=-0.46
18:33:48 [ultranest] [DEBUG] iteration=829, ncalls=8623, regioncalls=0, ndraw=40, logz=-579114.56, remainder_fraction=100.0000%, Lmin=-577992.23, Lmax=-0.46
18:33:48 [ultranest] [DEBUG] iteration=840, ncalls=8775, regioncalls=0, ndraw=40, logz=-547009.42, remainder_fraction=100.0000%, Lmin=-545281.70, Lmax=-0.46
18:33:48 [ultranest] [DEBUG] iteration=856, ncalls=8982, regioncalls=0, ndraw=40, logz=-501429.77, remainder_fraction=100.0000%, Lmin=-496239.74, Lmax=-0.46
18:33:48 [ultranest] [DEBUG] iteration=868, ncalls=9175, regioncalls=0, ndraw=40, logz=-472367.48, remainder_fraction=100.0000%, Lmin=-470787.89, Lmax=-0.46
18:33:48 [ultranest] [DEBUG] iteration=880, ncalls=9334, regioncalls=0, ndraw=40, logz=-446602.34, remainder_fraction=100.0000%, Lmin=-446311.42, Lmax=-0.46
18:33:48 [ultranest] [DEBUG] iteration=899, ncalls=9612, regioncalls=0, ndraw=40, logz=-393346.26, remainder_fraction=100.0000%, Lmin=-390835.42, Lmax=-0.46
18:33:48 [ultranest] [DEBUG] iteration=907, ncalls=9717, regioncalls=0, ndraw=40, logz=-379751.15, remainder_fraction=100.0000%, Lmin=-374054.28, Lmax=-0.46
18:33:48 [ultranest] [DEBUG] iteration=920, ncalls=9892, regioncalls=0, ndraw=40, logz=-348368.77, remainder_fraction=100.0000%, Lmin=-346366.22, Lmax=-0.46
18:33:48 [ultranest] [DEBUG] iteration=938, ncalls=10144, regioncalls=0, ndraw=40, logz=-313579.51, remainder_fraction=100.0000%, Lmin=-312653.14, Lmax=-0.46
18:33:48 [ultranest] [DEBUG] iteration=955, ncalls=10450, regioncalls=0, ndraw=40, logz=-292888.58, remainder_fraction=100.0000%, Lmin=-292822.57, Lmax=-0.46
18:33:48 [ultranest] [DEBUG] iteration=960, ncalls=10512, regioncalls=0, ndraw=40, logz=-287007.56, remainder_fraction=100.0000%, Lmin=-286638.47, Lmax=-0.46
18:33:49 [ultranest] [DEBUG] iteration=981, ncalls=10867, regioncalls=0, ndraw=40, logz=-238802.62, remainder_fraction=100.0000%, Lmin=-238723.74, Lmax=-0.46
18:33:49 [ultranest] [DEBUG] iteration=995, ncalls=11091, regioncalls=0, ndraw=40, logz=-218582.15, remainder_fraction=100.0000%, Lmin=-218407.08, Lmax=-0.46
18:33:49 [ultranest] [DEBUG] iteration=1000, ncalls=11178, regioncalls=0, ndraw=40, logz=-215561.73, remainder_fraction=100.0000%, Lmin=-214596.14, Lmax=-0.46
18:33:49 [ultranest] [DEBUG] iteration=1013, ncalls=11388, regioncalls=0, ndraw=40, logz=-200645.84, remainder_fraction=100.0000%, Lmin=-200568.66, Lmax=-0.46
18:33:49 [ultranest] [DEBUG] iteration=1027, ncalls=11631, regioncalls=0, ndraw=40, logz=-167204.37, remainder_fraction=100.0000%, Lmin=-166779.49, Lmax=-0.46
18:33:49 [ultranest] [DEBUG] iteration=1040, ncalls=11809, regioncalls=0, ndraw=40, logz=-160833.08, remainder_fraction=100.0000%, Lmin=-159661.24, Lmax=-0.46
18:33:49 [ultranest] [DEBUG] iteration=1056, ncalls=12069, regioncalls=0, ndraw=40, logz=-147398.04, remainder_fraction=100.0000%, Lmin=-147020.31, Lmax=-0.46
18:33:49 [ultranest] [DEBUG] iteration=1077, ncalls=12383, regioncalls=0, ndraw=40, logz=-138086.24, remainder_fraction=100.0000%, Lmin=-136893.90, Lmax=-0.46
18:33:49 [ultranest] [DEBUG] iteration=1080, ncalls=12426, regioncalls=0, ndraw=40, logz=-135651.24, remainder_fraction=100.0000%, Lmin=-135005.65, Lmax=-0.46
18:33:49 [ultranest] [DEBUG] iteration=1094, ncalls=12676, regioncalls=0, ndraw=40, logz=-128300.60, remainder_fraction=100.0000%, Lmin=-125162.68, Lmax=-0.46
18:33:49 [ultranest] [DEBUG] iteration=1110, ncalls=12944, regioncalls=0, ndraw=40, logz=-115439.71, remainder_fraction=100.0000%, Lmin=-115340.05, Lmax=-0.46
18:33:50 [ultranest] [DEBUG] iteration=1120, ncalls=13101, regioncalls=0, ndraw=40, logz=-112555.42, remainder_fraction=100.0000%, Lmin=-112455.46, Lmax=-0.46
18:33:50 [ultranest] [DEBUG] iteration=1138, ncalls=13451, regioncalls=0, ndraw=40, logz=-105406.36, remainder_fraction=100.0000%, Lmin=-104843.44, Lmax=-0.46
18:33:50 [ultranest] [DEBUG] iteration=1158, ncalls=13816, regioncalls=0, ndraw=40, logz=-94505.84, remainder_fraction=100.0000%, Lmin=-93866.69, Lmax=-0.46
18:33:50 [ultranest] [DEBUG] iteration=1160, ncalls=13845, regioncalls=0, ndraw=40, logz=-93736.47, remainder_fraction=100.0000%, Lmin=-93420.98, Lmax=-0.46
18:33:50 [ultranest] [DEBUG] iteration=1172, ncalls=14105, regioncalls=0, ndraw=40, logz=-90313.88, remainder_fraction=100.0000%, Lmin=-89994.14, Lmax=-0.46
18:33:50 [ultranest] [DEBUG] iteration=1189, ncalls=14352, regioncalls=0, ndraw=40, logz=-83921.02, remainder_fraction=100.0000%, Lmin=-82006.68, Lmax=-0.46
18:33:50 [ultranest] [DEBUG] iteration=1200, ncalls=14532, regioncalls=0, ndraw=40, logz=-78109.11, remainder_fraction=100.0000%, Lmin=-77497.07, Lmax=-0.46
18:33:50 [ultranest] [DEBUG] iteration=1218, ncalls=14877, regioncalls=0, ndraw=40, logz=-70938.47, remainder_fraction=100.0000%, Lmin=-70429.36, Lmax=-0.46
18:33:50 [ultranest] [DEBUG] iteration=1237, ncalls=15222, regioncalls=0, ndraw=40, logz=-62911.94, remainder_fraction=100.0000%, Lmin=-61766.97, Lmax=-0.46
18:33:50 [ultranest] [DEBUG] iteration=1240, ncalls=15313, regioncalls=0, ndraw=40, logz=-61097.75, remainder_fraction=100.0000%, Lmin=-60706.98, Lmax=-0.46
18:33:50 [ultranest] [DEBUG] iteration=1260, ncalls=15632, regioncalls=0, ndraw=40, logz=-53759.76, remainder_fraction=100.0000%, Lmin=-53730.05, Lmax=-0.46
18:33:50 [ultranest] [DEBUG] iteration=1272, ncalls=15920, regioncalls=0, ndraw=40, logz=-50061.38, remainder_fraction=100.0000%, Lmin=-49477.72, Lmax=-0.46
18:33:51 [ultranest] [DEBUG] iteration=1280, ncalls=16065, regioncalls=0, ndraw=40, logz=-47576.57, remainder_fraction=100.0000%, Lmin=-47160.46, Lmax=-0.46
18:33:51 [ultranest] [DEBUG] iteration=1297, ncalls=16371, regioncalls=0, ndraw=40, logz=-44791.48, remainder_fraction=100.0000%, Lmin=-44643.05, Lmax=4.17
18:33:51 [ultranest] [DEBUG] iteration=1315, ncalls=16712, regioncalls=0, ndraw=40, logz=-41902.29, remainder_fraction=100.0000%, Lmin=-41885.62, Lmax=4.17
18:33:51 [ultranest] [DEBUG] iteration=1320, ncalls=16810, regioncalls=0, ndraw=40, logz=-41381.57, remainder_fraction=100.0000%, Lmin=-41350.18, Lmax=4.17
18:33:51 [ultranest] [DEBUG] iteration=1340, ncalls=17138, regioncalls=0, ndraw=40, logz=-36996.06, remainder_fraction=100.0000%, Lmin=-36766.18, Lmax=4.17
18:33:51 [ultranest] [DEBUG] iteration=1352, ncalls=17402, regioncalls=0, ndraw=40, logz=-34784.35, remainder_fraction=100.0000%, Lmin=-34764.53, Lmax=4.17
18:33:51 [ultranest] [DEBUG] iteration=1360, ncalls=17559, regioncalls=0, ndraw=40, logz=-33702.46, remainder_fraction=100.0000%, Lmin=-33270.38, Lmax=4.17
18:33:51 [ultranest] [DEBUG] iteration=1374, ncalls=17842, regioncalls=0, ndraw=40, logz=-30615.09, remainder_fraction=100.0000%, Lmin=-30479.25, Lmax=4.17
18:33:51 [ultranest] [DEBUG] iteration=1387, ncalls=18194, regioncalls=0, ndraw=40, logz=-29069.10, remainder_fraction=100.0000%, Lmin=-28837.80, Lmax=4.17
18:33:51 [ultranest] [DEBUG] iteration=1400, ncalls=18429, regioncalls=0, ndraw=40, logz=-26815.13, remainder_fraction=100.0000%, Lmin=-26791.80, Lmax=4.17
18:33:51 [ultranest] [DEBUG] iteration=1415, ncalls=18764, regioncalls=0, ndraw=40, logz=-25003.19, remainder_fraction=100.0000%, Lmin=-24918.32, Lmax=4.17
18:33:52 [ultranest] [DEBUG] iteration=1430, ncalls=19094, regioncalls=0, ndraw=40, logz=-23157.46, remainder_fraction=100.0000%, Lmin=-23106.31, Lmax=4.17
18:33:52 [ultranest] [DEBUG] iteration=1440, ncalls=19310, regioncalls=0, ndraw=40, logz=-22449.18, remainder_fraction=100.0000%, Lmin=-22289.65, Lmax=4.17
18:33:52 [ultranest] [DEBUG] iteration=1454, ncalls=19604, regioncalls=0, ndraw=40, logz=-21310.89, remainder_fraction=100.0000%, Lmin=-21255.90, Lmax=4.17
18:33:52 [ultranest] [DEBUG] iteration=1470, ncalls=19930, regioncalls=0, ndraw=40, logz=-19139.16, remainder_fraction=100.0000%, Lmin=-19031.53, Lmax=4.17
18:33:52 [ultranest] [DEBUG] iteration=1480, ncalls=20143, regioncalls=0, ndraw=40, logz=-18471.20, remainder_fraction=100.0000%, Lmin=-18078.10, Lmax=4.17
18:33:52 [ultranest] [DEBUG] iteration=1497, ncalls=20519, regioncalls=0, ndraw=40, logz=-16757.23, remainder_fraction=100.0000%, Lmin=-16741.18, Lmax=4.17
18:33:52 [ultranest] [DEBUG] iteration=1517, ncalls=20891, regioncalls=0, ndraw=40, logz=-14837.20, remainder_fraction=100.0000%, Lmin=-14790.89, Lmax=4.17
18:33:52 [ultranest] [DEBUG] iteration=1520, ncalls=21004, regioncalls=0, ndraw=40, logz=-14746.71, remainder_fraction=100.0000%, Lmin=-14736.88, Lmax=4.17
18:33:52 [ultranest] [DEBUG] iteration=1530, ncalls=21219, regioncalls=0, ndraw=40, logz=-14318.35, remainder_fraction=100.0000%, Lmin=-14207.50, Lmax=4.26
18:33:52 [ultranest] [DEBUG] iteration=1542, ncalls=21475, regioncalls=0, ndraw=40, logz=-13875.75, remainder_fraction=100.0000%, Lmin=-13834.12, Lmax=8.40
18:33:52 [ultranest] [DEBUG] iteration=1559, ncalls=21800, regioncalls=0, ndraw=40, logz=-12490.38, remainder_fraction=100.0000%, Lmin=-12471.31, Lmax=8.40
18:33:52 [ultranest] [DEBUG] iteration=1560, ncalls=21827, regioncalls=0, ndraw=40, logz=-12481.20, remainder_fraction=100.0000%, Lmin=-12446.32, Lmax=8.40
18:33:52 [ultranest] [DEBUG] iteration=1582, ncalls=22204, regioncalls=0, ndraw=40, logz=-11066.12, remainder_fraction=100.0000%, Lmin=-10992.09, Lmax=8.40
18:33:53 [ultranest] [DEBUG] iteration=1600, ncalls=22555, regioncalls=0, ndraw=40, logz=-10144.04, remainder_fraction=100.0000%, Lmin=-10125.86, Lmax=8.40
18:33:53 [ultranest] [DEBUG] iteration=1620, ncalls=22942, regioncalls=0, ndraw=40, logz=-9337.87, remainder_fraction=100.0000%, Lmin=-9302.25, Lmax=8.40
18:33:53 [ultranest] [DEBUG] iteration=1635, ncalls=23231, regioncalls=0, ndraw=40, logz=-8396.32, remainder_fraction=100.0000%, Lmin=-8368.67, Lmax=8.40
18:33:53 [ultranest] [DEBUG] iteration=1640, ncalls=23326, regioncalls=0, ndraw=40, logz=-8290.34, remainder_fraction=100.0000%, Lmin=-8227.39, Lmax=8.40
18:33:53 [ultranest] [DEBUG] iteration=1654, ncalls=23621, regioncalls=0, ndraw=40, logz=-7590.58, remainder_fraction=100.0000%, Lmin=-7576.79, Lmax=8.40
18:33:53 [ultranest] [DEBUG] iteration=1670, ncalls=23989, regioncalls=0, ndraw=40, logz=-7155.32, remainder_fraction=100.0000%, Lmin=-7105.09, Lmax=8.40
18:33:53 [ultranest] [DEBUG] iteration=1680, ncalls=24171, regioncalls=0, ndraw=40, logz=-6725.21, remainder_fraction=100.0000%, Lmin=-6676.52, Lmax=8.40
18:33:53 [ultranest] [DEBUG] iteration=1700, ncalls=24525, regioncalls=0, ndraw=40, logz=-5963.96, remainder_fraction=100.0000%, Lmin=-5940.14, Lmax=8.40
18:33:53 [ultranest] [DEBUG] iteration=1716, ncalls=24793, regioncalls=0, ndraw=40, logz=-5596.40, remainder_fraction=100.0000%, Lmin=-5581.03, Lmax=8.40
18:33:53 [ultranest] [DEBUG] iteration=1720, ncalls=24878, regioncalls=0, ndraw=40, logz=-5574.49, remainder_fraction=100.0000%, Lmin=-5552.77, Lmax=8.40
18:33:53 [ultranest] [DEBUG] iteration=1734, ncalls=25153, regioncalls=0, ndraw=40, logz=-5062.06, remainder_fraction=100.0000%, Lmin=-5051.60, Lmax=8.40
18:33:54 [ultranest] [DEBUG] iteration=1752, ncalls=25540, regioncalls=0, ndraw=40, logz=-4405.66, remainder_fraction=100.0000%, Lmin=-4371.16, Lmax=8.40
18:33:54 [ultranest] [DEBUG] iteration=1760, ncalls=25719, regioncalls=0, ndraw=40, logz=-4164.37, remainder_fraction=100.0000%, Lmin=-4126.16, Lmax=8.40
18:33:54 [ultranest] [DEBUG] iteration=1778, ncalls=26142, regioncalls=0, ndraw=40, logz=-3894.86, remainder_fraction=100.0000%, Lmin=-3878.98, Lmax=8.40
18:33:54 [ultranest] [DEBUG] iteration=1794, ncalls=26533, regioncalls=0, ndraw=40, logz=-3600.45, remainder_fraction=100.0000%, Lmin=-3525.06, Lmax=8.40
18:33:54 [ultranest] [DEBUG] iteration=1800, ncalls=26675, regioncalls=0, ndraw=40, logz=-3462.35, remainder_fraction=100.0000%, Lmin=-3438.82, Lmax=8.40
18:33:54 [ultranest] [DEBUG] iteration=1808, ncalls=26867, regioncalls=0, ndraw=40, logz=-3357.21, remainder_fraction=100.0000%, Lmin=-3341.81, Lmax=8.40
18:33:54 [ultranest] [DEBUG] iteration=1821, ncalls=27117, regioncalls=0, ndraw=40, logz=-3153.44, remainder_fraction=100.0000%, Lmin=-3137.27, Lmax=8.40
18:33:54 [ultranest] [DEBUG] iteration=1838, ncalls=27439, regioncalls=0, ndraw=40, logz=-2927.86, remainder_fraction=100.0000%, Lmin=-2902.91, Lmax=8.40
18:33:54 [ultranest] [DEBUG] iteration=1840, ncalls=27494, regioncalls=0, ndraw=40, logz=-2912.09, remainder_fraction=100.0000%, Lmin=-2849.83, Lmax=8.40
18:33:54 [ultranest] [DEBUG] iteration=1857, ncalls=27827, regioncalls=0, ndraw=40, logz=-2729.93, remainder_fraction=100.0000%, Lmin=-2714.50, Lmax=8.40
18:33:54 [ultranest] [DEBUG] iteration=1876, ncalls=28230, regioncalls=0, ndraw=40, logz=-2518.07, remainder_fraction=100.0000%, Lmin=-2471.08, Lmax=8.40
18:33:54 [ultranest] [DEBUG] iteration=1880, ncalls=28316, regioncalls=0, ndraw=40, logz=-2447.46, remainder_fraction=100.0000%, Lmin=-2435.29, Lmax=8.40
18:33:55 [ultranest] [DEBUG] iteration=1890, ncalls=28541, regioncalls=0, ndraw=40, logz=-2353.23, remainder_fraction=100.0000%, Lmin=-2321.60, Lmax=8.40
18:33:55 [ultranest] [DEBUG] iteration=1904, ncalls=28798, regioncalls=0, ndraw=40, logz=-2233.15, remainder_fraction=100.0000%, Lmin=-2210.74, Lmax=8.40
18:33:55 [ultranest] [DEBUG] iteration=1916, ncalls=29051, regioncalls=0, ndraw=40, logz=-2135.54, remainder_fraction=100.0000%, Lmin=-2098.78, Lmax=8.40
18:33:55 [ultranest] [DEBUG] iteration=1920, ncalls=29118, regioncalls=0, ndraw=40, logz=-2092.14, remainder_fraction=100.0000%, Lmin=-2055.67, Lmax=8.40
18:33:55 [ultranest] [DEBUG] iteration=1936, ncalls=29434, regioncalls=0, ndraw=40, logz=-1938.64, remainder_fraction=100.0000%, Lmin=-1923.73, Lmax=8.40
18:33:55 [ultranest] [DEBUG] iteration=1955, ncalls=29793, regioncalls=0, ndraw=40, logz=-1738.89, remainder_fraction=100.0000%, Lmin=-1727.74, Lmax=8.40
18:33:55 [ultranest] [DEBUG] iteration=1960, ncalls=29874, regioncalls=0, ndraw=40, logz=-1715.11, remainder_fraction=100.0000%, Lmin=-1702.75, Lmax=8.40
18:33:55 [ultranest] [DEBUG] iteration=1979, ncalls=30271, regioncalls=0, ndraw=40, logz=-1601.88, remainder_fraction=100.0000%, Lmin=-1582.41, Lmax=8.40
18:33:55 [ultranest] [DEBUG] iteration=1980, ncalls=30302, regioncalls=0, ndraw=40, logz=-1593.35, remainder_fraction=100.0000%, Lmin=-1581.95, Lmax=8.40
18:33:55 [ultranest] [DEBUG] iteration=1993, ncalls=30536, regioncalls=0, ndraw=40, logz=-1532.96, remainder_fraction=100.0000%, Lmin=-1509.52, Lmax=8.40
18:33:55 [ultranest] [DEBUG] iteration=2000, ncalls=30711, regioncalls=0, ndraw=40, logz=-1493.23, remainder_fraction=100.0000%, Lmin=-1475.34, Lmax=8.40
18:33:55 [ultranest] [DEBUG] iteration=2016, ncalls=31003, regioncalls=0, ndraw=40, logz=-1364.01, remainder_fraction=100.0000%, Lmin=-1345.78, Lmax=8.40
18:33:56 [ultranest] [DEBUG] iteration=2029, ncalls=31261, regioncalls=0, ndraw=40, logz=-1256.17, remainder_fraction=100.0000%, Lmin=-1232.47, Lmax=8.40
18:33:56 [ultranest] [DEBUG] iteration=2040, ncalls=31498, regioncalls=0, ndraw=40, logz=-1181.12, remainder_fraction=100.0000%, Lmin=-1165.36, Lmax=8.40
18:33:56 [ultranest] [DEBUG] iteration=2060, ncalls=31884, regioncalls=0, ndraw=40, logz=-1035.57, remainder_fraction=100.0000%, Lmin=-1024.07, Lmax=8.40
18:33:56 [ultranest] [DEBUG] clustering found some stray points [need_accept=False] (array([1, 2]), array([399,   1]))
18:33:56 [ultranest] [DEBUG] iteration=2072, ncalls=32152, regioncalls=0, ndraw=40, logz=-1004.30, remainder_fraction=100.0000%, Lmin=-992.88, Lmax=8.40
18:33:56 [ultranest] [DEBUG] iteration=2080, ncalls=32301, regioncalls=0, ndraw=40, logz=-990.17, remainder_fraction=100.0000%, Lmin=-977.96, Lmax=8.40
18:33:56 [ultranest] [DEBUG] iteration=2091, ncalls=32490, regioncalls=0, ndraw=40, logz=-956.85, remainder_fraction=100.0000%, Lmin=-942.21, Lmax=8.40
18:33:56 [ultranest] [DEBUG] iteration=2105, ncalls=32779, regioncalls=0, ndraw=40, logz=-895.75, remainder_fraction=100.0000%, Lmin=-883.04, Lmax=8.40
18:33:56 [ultranest] [DEBUG] iteration=2120, ncalls=33127, regioncalls=0, ndraw=40, logz=-851.23, remainder_fraction=100.0000%, Lmin=-838.42, Lmax=8.40
18:33:56 [ultranest] [DEBUG] iteration=2140, ncalls=33540, regioncalls=0, ndraw=40, logz=-784.37, remainder_fraction=100.0000%, Lmin=-772.82, Lmax=8.71
18:33:56 [ultranest] [DEBUG] clustering found some stray points [need_accept=False] (array([1, 2]), array([399,   1]))
18:33:56 [ultranest] [DEBUG] iteration=2160, ncalls=33919, regioncalls=0, ndraw=40, logz=-738.38, remainder_fraction=100.0000%, Lmin=-715.31, Lmax=8.71
18:33:56 [ultranest] [DEBUG] iteration=2173, ncalls=34161, regioncalls=0, ndraw=40, logz=-695.14, remainder_fraction=100.0000%, Lmin=-683.14, Lmax=8.71
18:33:57 [ultranest] [DEBUG] iteration=2187, ncalls=34404, regioncalls=0, ndraw=40, logz=-652.31, remainder_fraction=100.0000%, Lmin=-637.61, Lmax=8.71
18:33:57 [ultranest] [DEBUG] iteration=2200, ncalls=34663, regioncalls=0, ndraw=40, logz=-612.16, remainder_fraction=100.0000%, Lmin=-598.30, Lmax=8.71
18:33:57 [ultranest] [DEBUG] iteration=2216, ncalls=35006, regioncalls=0, ndraw=40, logz=-570.50, remainder_fraction=100.0000%, Lmin=-557.99, Lmax=8.71
18:33:57 [ultranest] [DEBUG] iteration=2235, ncalls=35379, regioncalls=0, ndraw=40, logz=-518.91, remainder_fraction=100.0000%, Lmin=-505.42, Lmax=8.71
18:33:57 [ultranest] [DEBUG] iteration=2240, ncalls=35495, regioncalls=0, ndraw=40, logz=-511.29, remainder_fraction=100.0000%, Lmin=-495.88, Lmax=8.71
18:33:57 [ultranest] [DEBUG] iteration=2253, ncalls=35788, regioncalls=0, ndraw=40, logz=-480.42, remainder_fraction=100.0000%, Lmin=-464.60, Lmax=8.71
18:33:57 [ultranest] [DEBUG] iteration=2268, ncalls=36128, regioncalls=0, ndraw=40, logz=-433.96, remainder_fraction=100.0000%, Lmin=-422.45, Lmax=8.71
18:33:57 [ultranest] [DEBUG] iteration=2280, ncalls=36351, regioncalls=0, ndraw=40, logz=-400.49, remainder_fraction=100.0000%, Lmin=-388.74, Lmax=8.71
18:33:57 [ultranest] [DEBUG] iteration=2297, ncalls=36746, regioncalls=0, ndraw=40, logz=-378.90, remainder_fraction=100.0000%, Lmin=-366.01, Lmax=8.71
18:33:57 [ultranest] [DEBUG] iteration=2316, ncalls=37109, regioncalls=0, ndraw=40, logz=-359.24, remainder_fraction=100.0000%, Lmin=-347.75, Lmax=8.71
18:33:57 [ultranest] [DEBUG] iteration=2320, ncalls=37178, regioncalls=0, ndraw=40, logz=-355.91, remainder_fraction=100.0000%, Lmin=-344.20, Lmax=8.71
18:33:58 [ultranest] [DEBUG] iteration=2334, ncalls=37519, regioncalls=0, ndraw=40, logz=-331.22, remainder_fraction=100.0000%, Lmin=-319.10, Lmax=8.71
18:33:58 [ultranest] [DEBUG] clustering found some stray points [need_accept=False] (array([1, 2]), array([399,   1]))
18:33:58 [ultranest] [DEBUG] iteration=2345, ncalls=37736, regioncalls=0, ndraw=40, logz=-319.55, remainder_fraction=100.0000%, Lmin=-304.51, Lmax=8.71
18:33:58 [ultranest] [DEBUG] iteration=2355, ncalls=37964, regioncalls=0, ndraw=40, logz=-300.35, remainder_fraction=100.0000%, Lmin=-289.04, Lmax=8.71
18:33:58 [ultranest] [DEBUG] iteration=2360, ncalls=38079, regioncalls=0, ndraw=40, logz=-295.67, remainder_fraction=100.0000%, Lmin=-279.91, Lmax=8.71
18:33:58 [ultranest] [DEBUG] iteration=2380, ncalls=38470, regioncalls=0, ndraw=40, logz=-266.46, remainder_fraction=100.0000%, Lmin=-254.95, Lmax=8.71
18:33:58 [ultranest] [DEBUG] iteration=2398, ncalls=38855, regioncalls=0, ndraw=40, logz=-244.84, remainder_fraction=100.0000%, Lmin=-232.84, Lmax=8.71
18:33:58 [ultranest] [DEBUG] iteration=2400, ncalls=38898, regioncalls=0, ndraw=40, logz=-243.30, remainder_fraction=100.0000%, Lmin=-231.15, Lmax=8.71
18:33:58 [ultranest] [DEBUG] iteration=2417, ncalls=39319, regioncalls=0, ndraw=40, logz=-224.51, remainder_fraction=100.0000%, Lmin=-212.65, Lmax=8.71
18:33:58 [ultranest] [DEBUG] iteration=2431, ncalls=39690, regioncalls=0, ndraw=40, logz=-213.27, remainder_fraction=100.0000%, Lmin=-200.47, Lmax=8.71
18:33:58 [ultranest] [DEBUG] iteration=2440, ncalls=39883, regioncalls=0, ndraw=40, logz=-203.60, remainder_fraction=100.0000%, Lmin=-191.30, Lmax=8.71
18:33:58 [ultranest] [DEBUG] iteration=2453, ncalls=40175, regioncalls=0, ndraw=40, logz=-196.15, remainder_fraction=100.0000%, Lmin=-184.64, Lmax=8.71
18:33:58 [ultranest] [DEBUG] iteration=2469, ncalls=40541, regioncalls=0, ndraw=40, logz=-181.88, remainder_fraction=100.0000%, Lmin=-169.89, Lmax=8.71
18:33:59 [ultranest] [DEBUG] iteration=2480, ncalls=40817, regioncalls=0, ndraw=40, logz=-175.87, remainder_fraction=100.0000%, Lmin=-164.62, Lmax=8.71
18:33:59 [ultranest] [DEBUG] iteration=2497, ncalls=41207, regioncalls=0, ndraw=40, logz=-165.06, remainder_fraction=100.0000%, Lmin=-153.90, Lmax=8.71
18:33:59 [ultranest] [DEBUG] iteration=2515, ncalls=41589, regioncalls=0, ndraw=40, logz=-159.62, remainder_fraction=100.0000%, Lmin=-148.06, Lmax=8.71
18:33:59 [ultranest] [DEBUG] iteration=2520, ncalls=41691, regioncalls=0, ndraw=40, logz=-155.11, remainder_fraction=100.0000%, Lmin=-142.61, Lmax=8.71
18:33:59 [ultranest] [DEBUG] iteration=2535, ncalls=42001, regioncalls=0, ndraw=40, logz=-145.34, remainder_fraction=100.0000%, Lmin=-133.53, Lmax=8.71
18:33:59 [ultranest] [DEBUG] iteration=2550, ncalls=42331, regioncalls=0, ndraw=40, logz=-137.88, remainder_fraction=100.0000%, Lmin=-124.21, Lmax=8.71
18:33:59 [ultranest] [DEBUG] iteration=2560, ncalls=42493, regioncalls=0, ndraw=40, logz=-131.35, remainder_fraction=100.0000%, Lmin=-118.45, Lmax=8.71
18:33:59 [ultranest] [DEBUG] iteration=2576, ncalls=42858, regioncalls=0, ndraw=40, logz=-119.93, remainder_fraction=100.0000%, Lmin=-108.07, Lmax=8.71
18:33:59 [ultranest] [DEBUG] iteration=2592, ncalls=43189, regioncalls=0, ndraw=40, logz=-114.16, remainder_fraction=100.0000%, Lmin=-102.48, Lmax=8.71
18:33:59 [ultranest] [DEBUG] iteration=2600, ncalls=43375, regioncalls=0, ndraw=40, logz=-110.83, remainder_fraction=100.0000%, Lmin=-99.28, Lmax=8.71
18:33:59 [ultranest] [DEBUG] iteration=2614, ncalls=43641, regioncalls=0, ndraw=40, logz=-105.17, remainder_fraction=100.0000%, Lmin=-93.69, Lmax=8.71
18:34:00 [ultranest] [DEBUG] iteration=2629, ncalls=43936, regioncalls=0, ndraw=40, logz=-100.89, remainder_fraction=100.0000%, Lmin=-89.09, Lmax=8.71
18:34:00 [ultranest] [DEBUG] iteration=2640, ncalls=44163, regioncalls=0, ndraw=40, logz=-97.99, remainder_fraction=100.0000%, Lmin=-86.69, Lmax=8.71
18:34:00 [ultranest] [DEBUG] iteration=2658, ncalls=44534, regioncalls=0, ndraw=40, logz=-92.69, remainder_fraction=100.0000%, Lmin=-81.19, Lmax=8.71
18:34:00 [ultranest] [DEBUG] iteration=2674, ncalls=44841, regioncalls=0, ndraw=40, logz=-86.28, remainder_fraction=100.0000%, Lmin=-74.63, Lmax=8.71
18:34:00 [ultranest] [DEBUG] iteration=2680, ncalls=44944, regioncalls=0, ndraw=40, logz=-84.48, remainder_fraction=100.0000%, Lmin=-72.67, Lmax=8.71
18:34:00 [ultranest] [DEBUG] iteration=2692, ncalls=45213, regioncalls=0, ndraw=40, logz=-81.03, remainder_fraction=100.0000%, Lmin=-69.31, Lmax=8.71
18:34:00 [ultranest] [DEBUG] clustering found some stray points [need_accept=False] (array([1, 2, 3]), array([397,   2,   1]))
18:34:00 [ultranest] [DEBUG] iteration=2703, ncalls=45412, regioncalls=0, ndraw=40, logz=-76.95, remainder_fraction=100.0000%, Lmin=-64.67, Lmax=8.71
18:34:00 [ultranest] [DEBUG] iteration=2716, ncalls=45670, regioncalls=0, ndraw=40, logz=-71.96, remainder_fraction=100.0000%, Lmin=-59.82, Lmax=8.71
18:34:00 [ultranest] [DEBUG] iteration=2720, ncalls=45721, regioncalls=0, ndraw=40, logz=-70.74, remainder_fraction=100.0000%, Lmin=-59.22, Lmax=8.71
18:34:00 [ultranest] [DEBUG] iteration=2736, ncalls=46049, regioncalls=0, ndraw=40, logz=-66.49, remainder_fraction=100.0000%, Lmin=-55.00, Lmax=8.71
18:34:00 [ultranest] [DEBUG] iteration=2754, ncalls=46447, regioncalls=0, ndraw=40, logz=-63.29, remainder_fraction=100.0000%, Lmin=-51.76, Lmax=8.71
18:34:00 [ultranest] [DEBUG] iteration=2760, ncalls=46547, regioncalls=0, ndraw=40, logz=-61.09, remainder_fraction=100.0000%, Lmin=-48.88, Lmax=8.71
18:34:01 [ultranest] [DEBUG] iteration=2778, ncalls=46931, regioncalls=0, ndraw=40, logz=-56.53, remainder_fraction=100.0000%, Lmin=-45.05, Lmax=8.71
18:34:01 [ultranest] [DEBUG] iteration=2790, ncalls=47205, regioncalls=0, ndraw=40, logz=-54.28, remainder_fraction=100.0000%, Lmin=-42.99, Lmax=8.71
18:34:01 [ultranest] [DEBUG] iteration=2800, ncalls=47381, regioncalls=0, ndraw=40, logz=-52.74, remainder_fraction=100.0000%, Lmin=-41.44, Lmax=8.71
18:34:01 [ultranest] [DEBUG] iteration=2811, ncalls=47592, regioncalls=0, ndraw=40, logz=-51.35, remainder_fraction=100.0000%, Lmin=-40.73, Lmax=8.71
18:34:01 [ultranest] [DEBUG] iteration=2827, ncalls=47859, regioncalls=0, ndraw=40, logz=-49.47, remainder_fraction=100.0000%, Lmin=-38.20, Lmax=8.71
18:34:01 [ultranest] [DEBUG] iteration=2840, ncalls=48136, regioncalls=0, ndraw=40, logz=-47.65, remainder_fraction=100.0000%, Lmin=-36.32, Lmax=8.71
18:34:01 [ultranest] [DEBUG] iteration=2858, ncalls=48438, regioncalls=0, ndraw=40, logz=-44.53, remainder_fraction=100.0000%, Lmin=-33.30, Lmax=8.71
18:34:01 [ultranest] [DEBUG] iteration=2875, ncalls=48741, regioncalls=0, ndraw=40, logz=-41.65, remainder_fraction=100.0000%, Lmin=-30.02, Lmax=8.71
18:34:01 [ultranest] [DEBUG] iteration=2880, ncalls=48835, regioncalls=0, ndraw=40, logz=-40.65, remainder_fraction=100.0000%, Lmin=-29.01, Lmax=8.71
18:34:01 [ultranest] [DEBUG] iteration=2894, ncalls=49101, regioncalls=0, ndraw=40, logz=-37.60, remainder_fraction=100.0000%, Lmin=-26.04, Lmax=8.71
18:34:02 [ultranest] [DEBUG] iteration=2910, ncalls=49386, regioncalls=0, ndraw=40, logz=-35.18, remainder_fraction=100.0000%, Lmin=-23.95, Lmax=8.71
18:34:02 [ultranest] [DEBUG] iteration=2920, ncalls=49558, regioncalls=0, ndraw=40, logz=-34.14, remainder_fraction=100.0000%, Lmin=-23.13, Lmax=8.71
18:34:02 [ultranest] [DEBUG] iteration=2939, ncalls=49886, regioncalls=0, ndraw=40, logz=-31.66, remainder_fraction=100.0000%, Lmin=-20.16, Lmax=8.71
18:34:02 [ultranest] [DEBUG] iteration=2957, ncalls=50215, regioncalls=0, ndraw=40, logz=-29.94, remainder_fraction=100.0000%, Lmin=-19.20, Lmax=8.71
18:34:02 [ultranest] [DEBUG] iteration=2960, ncalls=50261, regioncalls=0, ndraw=40, logz=-29.74, remainder_fraction=100.0000%, Lmin=-19.11, Lmax=8.71
18:34:02 [ultranest] [DEBUG] iteration=2975, ncalls=50517, regioncalls=0, ndraw=40, logz=-28.86, remainder_fraction=100.0000%, Lmin=-18.04, Lmax=8.71
18:34:02 [ultranest] [DEBUG] iteration=2992, ncalls=50819, regioncalls=0, ndraw=40, logz=-27.50, remainder_fraction=100.0000%, Lmin=-16.61, Lmax=8.71
18:34:02 [ultranest] [DEBUG] iteration=3000, ncalls=50969, regioncalls=0, ndraw=40, logz=-26.69, remainder_fraction=100.0000%, Lmin=-15.47, Lmax=8.71
18:34:02 [ultranest] [DEBUG] iteration=3017, ncalls=51271, regioncalls=0, ndraw=40, logz=-25.22, remainder_fraction=100.0000%, Lmin=-14.48, Lmax=8.71
18:34:02 [ultranest] [DEBUG] iteration=3036, ncalls=51603, regioncalls=0, ndraw=40, logz=-24.16, remainder_fraction=100.0000%, Lmin=-13.53, Lmax=8.71
18:34:02 [ultranest] [DEBUG] iteration=3040, ncalls=51673, regioncalls=0, ndraw=40, logz=-23.96, remainder_fraction=100.0000%, Lmin=-13.42, Lmax=8.71
18:34:02 [ultranest] [DEBUG] iteration=3060, ncalls=52029, regioncalls=0, ndraw=40, logz=-22.98, remainder_fraction=100.0000%, Lmin=-11.98, Lmax=8.71
18:34:02 [ultranest] [DEBUG] iteration=3077, ncalls=52328, regioncalls=0, ndraw=40, logz=-21.78, remainder_fraction=100.0000%, Lmin=-10.75, Lmax=8.71
18:34:02 [ultranest] [DEBUG] iteration=3080, ncalls=52377, regioncalls=0, ndraw=40, logz=-21.58, remainder_fraction=100.0000%, Lmin=-10.60, Lmax=8.71
18:34:03 [ultranest] [DEBUG] iteration=3095, ncalls=52654, regioncalls=0, ndraw=40, logz=-20.80, remainder_fraction=100.0000%, Lmin=-10.18, Lmax=8.71
18:34:03 [ultranest] [DEBUG] iteration=3114, ncalls=53031, regioncalls=0, ndraw=40, logz=-19.92, remainder_fraction=100.0000%, Lmin=-9.24, Lmax=9.24
18:34:03 [ultranest] [DEBUG] iteration=3120, ncalls=53176, regioncalls=0, ndraw=40, logz=-19.66, remainder_fraction=100.0000%, Lmin=-8.99, Lmax=9.24
18:34:03 [ultranest] [DEBUG] iteration=3140, ncalls=53567, regioncalls=0, ndraw=40, logz=-18.69, remainder_fraction=100.0000%, Lmin=-7.92, Lmax=9.37
18:34:03 [ultranest] [DEBUG] iteration=3154, ncalls=53840, regioncalls=0, ndraw=40, logz=-18.09, remainder_fraction=100.0000%, Lmin=-7.38, Lmax=9.37
18:34:03 [ultranest] [DEBUG] iteration=3160, ncalls=53944, regioncalls=0, ndraw=40, logz=-17.86, remainder_fraction=100.0000%, Lmin=-7.28, Lmax=9.37
18:34:03 [ultranest] [DEBUG] iteration=3177, ncalls=54256, regioncalls=0, ndraw=40, logz=-17.22, remainder_fraction=99.9999%, Lmin=-6.57, Lmax=9.37
18:34:03 [ultranest] [DEBUG] iteration=3195, ncalls=54606, regioncalls=0, ndraw=40, logz=-16.51, remainder_fraction=99.9999%, Lmin=-5.84, Lmax=9.37
18:34:03 [ultranest] [DEBUG] iteration=3200, ncalls=54687, regioncalls=0, ndraw=40, logz=-16.33, remainder_fraction=99.9998%, Lmin=-5.59, Lmax=9.37
18:34:03 [ultranest] [DEBUG] iteration=3219, ncalls=55061, regioncalls=0, ndraw=40, logz=-15.67, remainder_fraction=99.9997%, Lmin=-5.05, Lmax=9.37
18:34:03 [ultranest] [DEBUG] iteration=3237, ncalls=55424, regioncalls=0, ndraw=40, logz=-15.08, remainder_fraction=99.9994%, Lmin=-4.42, Lmax=9.37
18:34:03 [ultranest] [DEBUG] iteration=3240, ncalls=55500, regioncalls=0, ndraw=40, logz=-14.98, remainder_fraction=99.9993%, Lmin=-4.37, Lmax=9.37
18:34:04 [ultranest] [DEBUG] iteration=3252, ncalls=55708, regioncalls=0, ndraw=40, logz=-14.55, remainder_fraction=99.9990%, Lmin=-3.76, Lmax=9.37
18:34:04 [ultranest] [DEBUG] iteration=3269, ncalls=56024, regioncalls=0, ndraw=40, logz=-13.99, remainder_fraction=99.9987%, Lmin=-3.41, Lmax=9.69
18:34:04 [ultranest] [DEBUG] iteration=3280, ncalls=56230, regioncalls=0, ndraw=40, logz=-13.69, remainder_fraction=99.9982%, Lmin=-3.12, Lmax=9.69
18:34:04 [ultranest] [DEBUG] iteration=3301, ncalls=56592, regioncalls=0, ndraw=40, logz=-13.14, remainder_fraction=99.9966%, Lmin=-2.57, Lmax=9.69
18:34:04 [ultranest] [DEBUG] iteration=3320, ncalls=56931, regioncalls=0, ndraw=40, logz=-12.69, remainder_fraction=99.9950%, Lmin=-2.19, Lmax=9.69
18:34:04 [ultranest] [DEBUG] iteration=3330, ncalls=57112, regioncalls=0, ndraw=40, logz=-12.47, remainder_fraction=99.9940%, Lmin=-1.96, Lmax=9.69
18:34:04 [ultranest] [DEBUG] iteration=3345, ncalls=57333, regioncalls=0, ndraw=40, logz=-12.16, remainder_fraction=99.9917%, Lmin=-1.77, Lmax=9.69
18:34:04 [ultranest] [DEBUG] iteration=3360, ncalls=57587, regioncalls=0, ndraw=40, logz=-11.89, remainder_fraction=99.9888%, Lmin=-1.52, Lmax=9.69
18:34:04 [ultranest] [DEBUG] iteration=3382, ncalls=57984, regioncalls=0, ndraw=40, logz=-11.51, remainder_fraction=99.9829%, Lmin=-1.16, Lmax=9.69
18:34:04 [ultranest] [DEBUG] iteration=3400, ncalls=58287, regioncalls=0, ndraw=40, logz=-11.24, remainder_fraction=99.9784%, Lmin=-0.96, Lmax=9.69
18:34:05 [ultranest] [DEBUG] iteration=3420, ncalls=58620, regioncalls=0, ndraw=40, logz=-10.96, remainder_fraction=99.9700%, Lmin=-0.71, Lmax=9.69
18:34:05 [ultranest] [DEBUG] iteration=3432, ncalls=58854, regioncalls=0, ndraw=40, logz=-10.80, remainder_fraction=99.9639%, Lmin=-0.55, Lmax=9.69
18:34:05 [ultranest] [DEBUG] iteration=3440, ncalls=59001, regioncalls=0, ndraw=40, logz=-10.69, remainder_fraction=99.9591%, Lmin=-0.44, Lmax=9.69
18:34:05 [ultranest] [DEBUG] iteration=3457, ncalls=59322, regioncalls=0, ndraw=40, logz=-10.49, remainder_fraction=99.9543%, Lmin=-0.32, Lmax=9.69
18:34:05 [ultranest] [DEBUG] iteration=3476, ncalls=59645, regioncalls=0, ndraw=40, logz=-10.28, remainder_fraction=99.9419%, Lmin=-0.21, Lmax=9.69
18:34:05 [ultranest] [DEBUG] iteration=3480, ncalls=59711, regioncalls=0, ndraw=40, logz=-10.24, remainder_fraction=99.9413%, Lmin=-0.17, Lmax=9.69
18:34:05 [ultranest] [DEBUG] iteration=3499, ncalls=60083, regioncalls=0, ndraw=40, logz=-10.06, remainder_fraction=99.9279%, Lmin=-0.02, Lmax=9.69
18:34:05 [ultranest] [DEBUG] iteration=3510, ncalls=60288, regioncalls=0, ndraw=40, logz=-9.96, remainder_fraction=99.9189%, Lmin=0.10, Lmax=9.69
18:34:05 [ultranest] [DEBUG] iteration=3520, ncalls=60437, regioncalls=0, ndraw=40, logz=-9.88, remainder_fraction=99.9109%, Lmin=0.17, Lmax=9.69
18:34:05 [ultranest] [DEBUG] iteration=3533, ncalls=60676, regioncalls=0, ndraw=40, logz=-9.76, remainder_fraction=99.8976%, Lmin=0.30, Lmax=9.69
18:34:05 [ultranest] [DEBUG] iteration=3553, ncalls=61015, regioncalls=0, ndraw=40, logz=-9.59, remainder_fraction=99.8788%, Lmin=0.49, Lmax=9.69
18:34:05 [ultranest] [DEBUG] iteration=3560, ncalls=61158, regioncalls=0, ndraw=40, logz=-9.54, remainder_fraction=99.8696%, Lmin=0.53, Lmax=9.69
18:34:06 [ultranest] [DEBUG] iteration=3581, ncalls=61534, regioncalls=0, ndraw=40, logz=-9.37, remainder_fraction=99.8524%, Lmin=0.73, Lmax=9.69
18:34:06 [ultranest] [DEBUG] iteration=3600, ncalls=61883, regioncalls=0, ndraw=40, logz=-9.22, remainder_fraction=99.8225%, Lmin=0.96, Lmax=9.69
18:34:06 [ultranest] [DEBUG] iteration=3614, ncalls=62162, regioncalls=0, ndraw=40, logz=-9.11, remainder_fraction=99.7972%, Lmin=1.06, Lmax=9.69
18:34:06 [ultranest] [DEBUG] iteration=3629, ncalls=62464, regioncalls=0, ndraw=40, logz=-9.00, remainder_fraction=99.7721%, Lmin=1.10, Lmax=9.69
18:34:06 [ultranest] [DEBUG] iteration=3640, ncalls=62662, regioncalls=0, ndraw=40, logz=-8.92, remainder_fraction=99.7523%, Lmin=1.17, Lmax=9.69
18:34:06 [ultranest] [DEBUG] iteration=3658, ncalls=63025, regioncalls=0, ndraw=40, logz=-8.80, remainder_fraction=99.7202%, Lmin=1.33, Lmax=9.69
18:34:06 [ultranest] [DEBUG] iteration=3675, ncalls=63365, regioncalls=0, ndraw=40, logz=-8.69, remainder_fraction=99.7249%, Lmin=1.49, Lmax=9.69
18:34:06 [ultranest] [DEBUG] iteration=3680, ncalls=63450, regioncalls=0, ndraw=40, logz=-8.65, remainder_fraction=99.7168%, Lmin=1.53, Lmax=9.69
18:34:06 [ultranest] [DEBUG] iteration=3695, ncalls=63732, regioncalls=0, ndraw=40, logz=-8.56, remainder_fraction=99.6847%, Lmin=1.66, Lmax=9.69
18:34:06 [ultranest] [DEBUG] iteration=3711, ncalls=64034, regioncalls=0, ndraw=40, logz=-8.45, remainder_fraction=99.6469%, Lmin=1.73, Lmax=9.69
18:34:06 [ultranest] [DEBUG] iteration=3720, ncalls=64229, regioncalls=0, ndraw=40, logz=-8.40, remainder_fraction=99.6380%, Lmin=1.81, Lmax=9.69
18:34:07 [ultranest] [DEBUG] iteration=3736, ncalls=64516, regioncalls=0, ndraw=40, logz=-8.30, remainder_fraction=99.6062%, Lmin=1.91, Lmax=9.69
18:34:07 [ultranest] [DEBUG] iteration=3750, ncalls=64785, regioncalls=0, ndraw=40, logz=-8.22, remainder_fraction=99.5577%, Lmin=2.00, Lmax=9.69
18:34:07 [ultranest] [DEBUG] iteration=3760, ncalls=64980, regioncalls=0, ndraw=40, logz=-8.16, remainder_fraction=99.5281%, Lmin=2.04, Lmax=9.69
18:34:07 [ultranest] [DEBUG] iteration=3779, ncalls=65349, regioncalls=0, ndraw=40, logz=-8.06, remainder_fraction=99.4556%, Lmin=2.20, Lmax=9.69
18:34:07 [ultranest] [DEBUG] iteration=3780, ncalls=65375, regioncalls=0, ndraw=40, logz=-8.05, remainder_fraction=99.4632%, Lmin=2.20, Lmax=9.69
18:34:07 [ultranest] [DEBUG] iteration=3794, ncalls=65638, regioncalls=0, ndraw=40, logz=-7.97, remainder_fraction=99.4205%, Lmin=2.32, Lmax=9.69
18:34:07 [ultranest] [DEBUG] iteration=3800, ncalls=65765, regioncalls=0, ndraw=40, logz=-7.94, remainder_fraction=99.3918%, Lmin=2.41, Lmax=9.69
18:34:07 [ultranest] [DEBUG] iteration=3815, ncalls=66075, regioncalls=0, ndraw=40, logz=-7.85, remainder_fraction=99.3315%, Lmin=2.51, Lmax=9.69
18:34:07 [ultranest] [DEBUG] iteration=3832, ncalls=66409, regioncalls=0, ndraw=40, logz=-7.76, remainder_fraction=99.2732%, Lmin=2.63, Lmax=9.69
18:34:07 [ultranest] [DEBUG] iteration=3840, ncalls=66575, regioncalls=0, ndraw=40, logz=-7.71, remainder_fraction=99.2341%, Lmin=2.68, Lmax=9.69
18:34:07 [ultranest] [DEBUG] iteration=3858, ncalls=66933, regioncalls=0, ndraw=40, logz=-7.61, remainder_fraction=99.1406%, Lmin=2.82, Lmax=9.69
18:34:07 [ultranest] [DEBUG] iteration=3870, ncalls=67168, regioncalls=0, ndraw=40, logz=-7.55, remainder_fraction=99.0900%, Lmin=2.86, Lmax=9.69
18:34:07 [ultranest] [DEBUG] iteration=3880, ncalls=67363, regioncalls=0, ndraw=40, logz=-7.50, remainder_fraction=99.0243%, Lmin=2.93, Lmax=9.69
18:34:08 [ultranest] [DEBUG] iteration=3896, ncalls=67691, regioncalls=0, ndraw=40, logz=-7.42, remainder_fraction=98.9524%, Lmin=3.03, Lmax=9.69
18:34:08 [ultranest] [DEBUG] iteration=3916, ncalls=68082, regioncalls=0, ndraw=40, logz=-7.32, remainder_fraction=98.8087%, Lmin=3.16, Lmax=9.69
18:34:08 [ultranest] [DEBUG] iteration=3920, ncalls=68178, regioncalls=0, ndraw=40, logz=-7.30, remainder_fraction=98.7898%, Lmin=3.17, Lmax=9.69
18:34:08 [ultranest] [DEBUG] iteration=3938, ncalls=68535, regioncalls=0, ndraw=40, logz=-7.21, remainder_fraction=98.7295%, Lmin=3.24, Lmax=9.69
18:34:08 [ultranest] [DEBUG] iteration=3957, ncalls=68930, regioncalls=0, ndraw=40, logz=-7.13, remainder_fraction=98.5773%, Lmin=3.35, Lmax=9.69
18:34:08 [ultranest] [DEBUG] iteration=3960, ncalls=68999, regioncalls=0, ndraw=40, logz=-7.11, remainder_fraction=98.6045%, Lmin=3.38, Lmax=9.69
18:34:08 [ultranest] [DEBUG] iteration=3972, ncalls=69223, regioncalls=0, ndraw=40, logz=-7.06, remainder_fraction=98.5055%, Lmin=3.45, Lmax=9.69
18:34:08 [ultranest] [DEBUG] iteration=3987, ncalls=69539, regioncalls=0, ndraw=40, logz=-6.99, remainder_fraction=98.3598%, Lmin=3.54, Lmax=9.69
18:34:08 [ultranest] [DEBUG] iteration=4000, ncalls=69798, regioncalls=0, ndraw=40, logz=-6.94, remainder_fraction=98.2723%, Lmin=3.60, Lmax=9.76
18:34:08 [ultranest] [DEBUG] iteration=4019, ncalls=70195, regioncalls=0, ndraw=40, logz=-6.85, remainder_fraction=98.2081%, Lmin=3.72, Lmax=9.76
18:34:08 [ultranest] [DEBUG] iteration=4037, ncalls=70596, regioncalls=0, ndraw=40, logz=-6.78, remainder_fraction=98.0665%, Lmin=3.85, Lmax=9.76
18:34:08 [ultranest] [DEBUG] iteration=4040, ncalls=70650, regioncalls=0, ndraw=40, logz=-6.77, remainder_fraction=98.0286%, Lmin=3.86, Lmax=9.76
18:34:09 [ultranest] [DEBUG] iteration=4051, ncalls=70904, regioncalls=0, ndraw=40, logz=-6.72, remainder_fraction=97.9337%, Lmin=3.92, Lmax=9.76
18:34:09 [ultranest] [DEBUG] iteration=4060, ncalls=71107, regioncalls=0, ndraw=40, logz=-6.68, remainder_fraction=97.8517%, Lmin=3.98, Lmax=9.76
18:34:09 [ultranest] [DEBUG] iteration=4073, ncalls=71376, regioncalls=0, ndraw=40, logz=-6.63, remainder_fraction=97.6833%, Lmin=4.10, Lmax=9.76
18:34:09 [ultranest] [DEBUG] iteration=4080, ncalls=71524, regioncalls=0, ndraw=40, logz=-6.60, remainder_fraction=97.6208%, Lmin=4.16, Lmax=9.76
18:34:09 [ultranest] [DEBUG] iteration=4096, ncalls=71860, regioncalls=0, ndraw=40, logz=-6.53, remainder_fraction=97.3898%, Lmin=4.24, Lmax=9.76
18:34:09 [ultranest] [DEBUG] iteration=4114, ncalls=72247, regioncalls=0, ndraw=40, logz=-6.45, remainder_fraction=97.1024%, Lmin=4.32, Lmax=9.76
18:34:09 [ultranest] [DEBUG] iteration=4120, ncalls=72357, regioncalls=0, ndraw=40, logz=-6.43, remainder_fraction=97.0487%, Lmin=4.40, Lmax=9.76
18:34:09 [ultranest] [DEBUG] iteration=4139, ncalls=72772, regioncalls=0, ndraw=40, logz=-6.35, remainder_fraction=96.8072%, Lmin=4.52, Lmax=9.76
18:34:09 [ultranest] [DEBUG] iteration=4140, ncalls=72795, regioncalls=0, ndraw=40, logz=-6.34, remainder_fraction=96.7868%, Lmin=4.54, Lmax=9.76
18:34:09 [ultranest] [DEBUG] iteration=4154, ncalls=73094, regioncalls=0, ndraw=40, logz=-6.28, remainder_fraction=96.6824%, Lmin=4.61, Lmax=9.76
18:34:09 [ultranest] [DEBUG] iteration=4160, ncalls=73224, regioncalls=0, ndraw=40, logz=-6.26, remainder_fraction=96.5556%, Lmin=4.64, Lmax=9.76
18:34:09 [ultranest] [DEBUG] iteration=4175, ncalls=73551, regioncalls=0, ndraw=40, logz=-6.20, remainder_fraction=96.3130%, Lmin=4.71, Lmax=9.76
18:34:10 [ultranest] [DEBUG] iteration=4190, ncalls=73890, regioncalls=0, ndraw=40, logz=-6.14, remainder_fraction=96.0582%, Lmin=4.76, Lmax=9.76
18:34:10 [ultranest] [DEBUG] iteration=4200, ncalls=74120, regioncalls=0, ndraw=40, logz=-6.10, remainder_fraction=95.8449%, Lmin=4.86, Lmax=9.76
18:34:10 [ultranest] [DEBUG] iteration=4221, ncalls=74547, regioncalls=0, ndraw=40, logz=-6.02, remainder_fraction=95.4270%, Lmin=5.04, Lmax=9.76
18:34:10 [ultranest] [DEBUG] iteration=4230, ncalls=74747, regioncalls=0, ndraw=40, logz=-5.98, remainder_fraction=95.3766%, Lmin=5.10, Lmax=9.78
18:34:10 [ultranest] [DEBUG] iteration=4240, ncalls=74958, regioncalls=0, ndraw=40, logz=-5.94, remainder_fraction=95.1881%, Lmin=5.16, Lmax=9.78
18:34:10 [ultranest] [DEBUG] iteration=4255, ncalls=75310, regioncalls=0, ndraw=40, logz=-5.88, remainder_fraction=94.9012%, Lmin=5.22, Lmax=9.78
18:34:10 [ultranest] [DEBUG] iteration=4273, ncalls=75710, regioncalls=0, ndraw=40, logz=-5.80, remainder_fraction=94.4849%, Lmin=5.39, Lmax=9.78
18:34:10 [ultranest] [DEBUG] iteration=4280, ncalls=75883, regioncalls=0, ndraw=40, logz=-5.78, remainder_fraction=94.2566%, Lmin=5.43, Lmax=9.78
18:34:10 [ultranest] [DEBUG] iteration=4297, ncalls=76254, regioncalls=0, ndraw=40, logz=-5.71, remainder_fraction=93.9053%, Lmin=5.51, Lmax=9.78
18:34:10 [ultranest] [DEBUG] iteration=4316, ncalls=76681, regioncalls=0, ndraw=40, logz=-5.63, remainder_fraction=93.4212%, Lmin=5.61, Lmax=9.78
18:34:10 [ultranest] [DEBUG] iteration=4320, ncalls=76769, regioncalls=0, ndraw=40, logz=-5.62, remainder_fraction=93.2972%, Lmin=5.64, Lmax=9.78
18:34:10 [ultranest] [DEBUG] iteration=4331, ncalls=77024, regioncalls=0, ndraw=40, logz=-5.57, remainder_fraction=92.9644%, Lmin=5.70, Lmax=9.78
18:34:11 [ultranest] [DEBUG] iteration=4345, ncalls=77338, regioncalls=0, ndraw=40, logz=-5.52, remainder_fraction=92.4542%, Lmin=5.78, Lmax=9.78
18:34:11 [ultranest] [DEBUG] iteration=4360, ncalls=77668, regioncalls=0, ndraw=40, logz=-5.46, remainder_fraction=91.9666%, Lmin=5.87, Lmax=9.78
18:34:11 [ultranest] [DEBUG] iteration=4378, ncalls=78065, regioncalls=0, ndraw=40, logz=-5.39, remainder_fraction=91.4688%, Lmin=5.95, Lmax=9.78
18:34:11 [ultranest] [DEBUG] iteration=4394, ncalls=78454, regioncalls=0, ndraw=40, logz=-5.34, remainder_fraction=90.9712%, Lmin=6.01, Lmax=9.80
18:34:11 [ultranest] [DEBUG] iteration=4400, ncalls=78599, regioncalls=0, ndraw=40, logz=-5.31, remainder_fraction=90.7717%, Lmin=6.08, Lmax=9.80
18:34:11 [ultranest] [DEBUG] iteration=4410, ncalls=78838, regioncalls=0, ndraw=40, logz=-5.28, remainder_fraction=90.3688%, Lmin=6.12, Lmax=9.80
18:34:11 [ultranest] [DEBUG] iteration=4420, ncalls=79041, regioncalls=0, ndraw=40, logz=-5.24, remainder_fraction=90.0106%, Lmin=6.18, Lmax=9.80
18:34:11 [ultranest] [DEBUG] iteration=4433, ncalls=79338, regioncalls=0, ndraw=40, logz=-5.19, remainder_fraction=89.6543%, Lmin=6.23, Lmax=9.80
18:34:11 [ultranest] [DEBUG] iteration=4440, ncalls=79506, regioncalls=0, ndraw=40, logz=-5.17, remainder_fraction=89.2863%, Lmin=6.24, Lmax=9.80
18:34:11 [ultranest] [DEBUG] iteration=4453, ncalls=79822, regioncalls=0, ndraw=40, logz=-5.13, remainder_fraction=88.7604%, Lmin=6.32, Lmax=9.80
18:34:11 [ultranest] [DEBUG] iteration=4471, ncalls=80223, regioncalls=0, ndraw=40, logz=-5.06, remainder_fraction=87.8339%, Lmin=6.43, Lmax=9.80
18:34:12 [ultranest] [DEBUG] iteration=4480, ncalls=80425, regioncalls=0, ndraw=40, logz=-5.03, remainder_fraction=87.5403%, Lmin=6.47, Lmax=9.80
18:34:12 [ultranest] [DEBUG] iteration=4498, ncalls=80840, regioncalls=0, ndraw=40, logz=-4.97, remainder_fraction=86.6963%, Lmin=6.54, Lmax=9.80
18:34:12 [ultranest] [DEBUG] iteration=4500, ncalls=80885, regioncalls=0, ndraw=40, logz=-4.97, remainder_fraction=86.5672%, Lmin=6.55, Lmax=9.80
18:34:12 [ultranest] [DEBUG] iteration=4512, ncalls=81168, regioncalls=0, ndraw=40, logz=-4.93, remainder_fraction=86.0905%, Lmin=6.60, Lmax=9.81
18:34:12 [ultranest] [DEBUG] iteration=4520, ncalls=81359, regioncalls=0, ndraw=40, logz=-4.90, remainder_fraction=85.8108%, Lmin=6.63, Lmax=9.81
18:34:12 [ultranest] [DEBUG] iteration=4535, ncalls=81708, regioncalls=0, ndraw=40, logz=-4.86, remainder_fraction=85.1012%, Lmin=6.70, Lmax=9.81
18:34:12 [ultranest] [DEBUG] iteration=4547, ncalls=81987, regioncalls=0, ndraw=40, logz=-4.82, remainder_fraction=84.4890%, Lmin=6.74, Lmax=9.81
18:34:12 [ultranest] [DEBUG] iteration=4560, ncalls=82291, regioncalls=0, ndraw=40, logz=-4.78, remainder_fraction=83.6972%, Lmin=6.79, Lmax=9.81
18:34:12 [ultranest] [DEBUG] iteration=4575, ncalls=82655, regioncalls=0, ndraw=40, logz=-4.74, remainder_fraction=83.0974%, Lmin=6.84, Lmax=10.01
18:34:12 [ultranest] [DEBUG] iteration=4590, ncalls=83018, regioncalls=0, ndraw=40, logz=-4.69, remainder_fraction=82.1846%, Lmin=6.88, Lmax=10.01
18:34:13 [ultranest] [DEBUG] iteration=4600, ncalls=83245, regioncalls=0, ndraw=40, logz=-4.67, remainder_fraction=81.9024%, Lmin=6.93, Lmax=10.01
18:34:13 [ultranest] [DEBUG] iteration=4611, ncalls=83524, regioncalls=0, ndraw=40, logz=-4.64, remainder_fraction=81.5436%, Lmin=6.97, Lmax=10.03
18:34:13 [ultranest] [DEBUG] iteration=4626, ncalls=83875, regioncalls=0, ndraw=40, logz=-4.60, remainder_fraction=80.8122%, Lmin=7.01, Lmax=10.09
18:34:13 [ultranest] [DEBUG] iteration=4640, ncalls=84245, regioncalls=0, ndraw=40, logz=-4.56, remainder_fraction=80.1357%, Lmin=7.04, Lmax=10.09
18:34:13 [ultranest] [DEBUG] iteration=4651, ncalls=84531, regioncalls=0, ndraw=40, logz=-4.53, remainder_fraction=79.6168%, Lmin=7.06, Lmax=10.09
18:34:13 [ultranest] [DEBUG] iteration=4664, ncalls=84859, regioncalls=0, ndraw=40, logz=-4.50, remainder_fraction=78.9971%, Lmin=7.13, Lmax=10.09
18:34:13 [ultranest] [DEBUG] iteration=4675, ncalls=85118, regioncalls=0, ndraw=40, logz=-4.48, remainder_fraction=78.4298%, Lmin=7.19, Lmax=10.09
18:34:13 [ultranest] [DEBUG] iteration=4680, ncalls=85242, regioncalls=0, ndraw=40, logz=-4.46, remainder_fraction=78.3201%, Lmin=7.21, Lmax=10.09
18:34:13 [ultranest] [DEBUG] iteration=4692, ncalls=85551, regioncalls=0, ndraw=40, logz=-4.43, remainder_fraction=77.5045%, Lmin=7.24, Lmax=10.09
18:34:13 [ultranest] [DEBUG] iteration=4705, ncalls=85894, regioncalls=0, ndraw=40, logz=-4.40, remainder_fraction=76.8289%, Lmin=7.27, Lmax=10.09
18:34:13 [ultranest] [DEBUG] iteration=4720, ncalls=86305, regioncalls=0, ndraw=40, logz=-4.37, remainder_fraction=76.0272%, Lmin=7.32, Lmax=10.09
18:34:14 [ultranest] [DEBUG] iteration=4733, ncalls=86640, regioncalls=0, ndraw=40, logz=-4.34, remainder_fraction=75.1986%, Lmin=7.36, Lmax=10.09
18:34:14 [ultranest] [DEBUG] iteration=4748, ncalls=87002, regioncalls=0, ndraw=40, logz=-4.31, remainder_fraction=74.1826%, Lmin=7.41, Lmax=10.09
18:34:14 [ultranest] [DEBUG] iteration=4760, ncalls=87297, regioncalls=0, ndraw=40, logz=-4.28, remainder_fraction=73.5744%, Lmin=7.42, Lmax=10.09
18:34:14 [ultranest] [DEBUG] iteration=4770, ncalls=87535, regioncalls=0, ndraw=40, logz=-4.26, remainder_fraction=72.8354%, Lmin=7.45, Lmax=10.09
18:34:14 [ultranest] [DEBUG] iteration=4784, ncalls=87884, regioncalls=0, ndraw=40, logz=-4.24, remainder_fraction=71.9610%, Lmin=7.50, Lmax=10.09
18:34:14 [ultranest] [DEBUG] iteration=4798, ncalls=88239, regioncalls=0, ndraw=40, logz=-4.21, remainder_fraction=71.1973%, Lmin=7.54, Lmax=10.09
18:34:14 [ultranest] [DEBUG] iteration=4800, ncalls=88291, regioncalls=0, ndraw=40, logz=-4.20, remainder_fraction=71.0982%, Lmin=7.55, Lmax=10.09
18:34:14 [ultranest] [DEBUG] iteration=4816, ncalls=88688, regioncalls=0, ndraw=40, logz=-4.17, remainder_fraction=70.1786%, Lmin=7.62, Lmax=10.09
18:34:14 [ultranest] [DEBUG] iteration=4830, ncalls=89053, regioncalls=0, ndraw=40, logz=-4.15, remainder_fraction=69.4475%, Lmin=7.70, Lmax=10.09
18:34:14 [ultranest] [DEBUG] iteration=4840, ncalls=89314, regioncalls=0, ndraw=40, logz=-4.13, remainder_fraction=68.7312%, Lmin=7.74, Lmax=10.09
18:34:14 [ultranest] [DEBUG] iteration=4853, ncalls=89665, regioncalls=0, ndraw=40, logz=-4.10, remainder_fraction=68.0052%, Lmin=7.77, Lmax=10.09
18:34:15 [ultranest] [DEBUG] iteration=4862, ncalls=89912, regioncalls=0, ndraw=40, logz=-4.08, remainder_fraction=67.4302%, Lmin=7.79, Lmax=10.09
18:34:15 [ultranest] [DEBUG] iteration=4874, ncalls=90237, regioncalls=0, ndraw=40, logz=-4.06, remainder_fraction=66.5204%, Lmin=7.83, Lmax=10.09
18:34:15 [ultranest] [DEBUG] iteration=4880, ncalls=90398, regioncalls=0, ndraw=40, logz=-4.05, remainder_fraction=66.2483%, Lmin=7.84, Lmax=10.09
18:34:15 [ultranest] [DEBUG] iteration=4898, ncalls=90886, regioncalls=0, ndraw=40, logz=-4.02, remainder_fraction=65.0381%, Lmin=7.93, Lmax=10.09
18:34:15 [ultranest] [DEBUG] iteration=4915, ncalls=91312, regioncalls=0, ndraw=40, logz=-3.99, remainder_fraction=63.9251%, Lmin=7.98, Lmax=10.09
18:34:15 [ultranest] [DEBUG] iteration=4920, ncalls=91446, regioncalls=0, ndraw=40, logz=-3.98, remainder_fraction=63.6184%, Lmin=7.99, Lmax=10.09
18:34:15 [ultranest] [DEBUG] iteration=4933, ncalls=91771, regioncalls=0, ndraw=40, logz=-3.95, remainder_fraction=62.7504%, Lmin=8.05, Lmax=10.09
18:34:15 [ultranest] [DEBUG] iteration=4945, ncalls=92088, regioncalls=0, ndraw=40, logz=-3.93, remainder_fraction=61.9421%, Lmin=8.08, Lmax=10.09
18:34:15 [ultranest] [DEBUG] iteration=4950, ncalls=92204, regioncalls=0, ndraw=40, logz=-3.92, remainder_fraction=61.6145%, Lmin=8.09, Lmax=10.09
18:34:15 [ultranest] [DEBUG] iteration=4960, ncalls=92459, regioncalls=0, ndraw=40, logz=-3.91, remainder_fraction=60.8875%, Lmin=8.12, Lmax=10.09
18:34:15 [ultranest] [DEBUG] iteration=4972, ncalls=92754, regioncalls=0, ndraw=40, logz=-3.89, remainder_fraction=60.3045%, Lmin=8.15, Lmax=10.09
18:34:16 [ultranest] [DEBUG] iteration=4988, ncalls=93169, regioncalls=0, ndraw=40, logz=-3.86, remainder_fraction=59.3032%, Lmin=8.19, Lmax=10.09
18:34:16 [ultranest] [DEBUG] iteration=5000, ncalls=93492, regioncalls=0, ndraw=40, logz=-3.84, remainder_fraction=58.2895%, Lmin=8.23, Lmax=10.09
18:34:16 [ultranest] [DEBUG] iteration=5016, ncalls=93926, regioncalls=0, ndraw=40, logz=-3.81, remainder_fraction=57.3958%, Lmin=8.26, Lmax=10.09
18:34:16 [ultranest] [DEBUG] iteration=5032, ncalls=94339, regioncalls=0, ndraw=40, logz=-3.79, remainder_fraction=56.5898%, Lmin=8.30, Lmax=10.09
18:34:16 [ultranest] [DEBUG] iteration=5040, ncalls=94557, regioncalls=0, ndraw=40, logz=-3.78, remainder_fraction=55.9028%, Lmin=8.32, Lmax=10.09
18:34:16 [ultranest] [DEBUG] iteration=5050, ncalls=94826, regioncalls=0, ndraw=40, logz=-3.76, remainder_fraction=55.2207%, Lmin=8.35, Lmax=10.09
18:34:16 [ultranest] [DEBUG] iteration=5059, ncalls=95056, regioncalls=0, ndraw=40, logz=-3.75, remainder_fraction=54.4600%, Lmin=8.37, Lmax=10.09
18:34:16 [ultranest] [DEBUG] iteration=5071, ncalls=95392, regioncalls=0, ndraw=40, logz=-3.73, remainder_fraction=53.6023%, Lmin=8.40, Lmax=10.09
18:34:16 [ultranest] [DEBUG] iteration=5080, ncalls=95632, regioncalls=0, ndraw=40, logz=-3.72, remainder_fraction=53.1025%, Lmin=8.43, Lmax=10.09
18:34:16 [ultranest] [DEBUG] iteration=5093, ncalls=95972, regioncalls=0, ndraw=40, logz=-3.70, remainder_fraction=52.1498%, Lmin=8.46, Lmax=10.09
18:34:17 [ultranest] [DEBUG] iteration=5107, ncalls=96354, regioncalls=0, ndraw=40, logz=-3.68, remainder_fraction=51.3016%, Lmin=8.49, Lmax=10.09
18:34:17 [ultranest] [DEBUG] iteration=5120, ncalls=96682, regioncalls=0, ndraw=40, logz=-3.66, remainder_fraction=50.5970%, Lmin=8.51, Lmax=10.09
18:34:17 [ultranest] [DEBUG] iteration=5130, ncalls=96933, regioncalls=0, ndraw=40, logz=-3.65, remainder_fraction=49.9362%, Lmin=8.53, Lmax=10.09
18:34:17 [ultranest] [DEBUG] iteration=5142, ncalls=97252, regioncalls=0, ndraw=40, logz=-3.63, remainder_fraction=49.1113%, Lmin=8.56, Lmax=10.09
18:34:17 [ultranest] [DEBUG] iteration=5154, ncalls=97555, regioncalls=0, ndraw=40, logz=-3.62, remainder_fraction=48.3573%, Lmin=8.58, Lmax=10.09
18:34:17 [ultranest] [DEBUG] iteration=5160, ncalls=97718, regioncalls=0, ndraw=40, logz=-3.61, remainder_fraction=47.8776%, Lmin=8.59, Lmax=10.09
18:34:17 [ultranest] [DEBUG] iteration=5173, ncalls=98063, regioncalls=0, ndraw=40, logz=-3.60, remainder_fraction=46.9734%, Lmin=8.62, Lmax=10.09
18:34:17 [ultranest] [DEBUG] iteration=5186, ncalls=98429, regioncalls=0, ndraw=40, logz=-3.58, remainder_fraction=46.0834%, Lmin=8.65, Lmax=10.09
18:34:17 [ultranest] [DEBUG] iteration=5199, ncalls=98780, regioncalls=0, ndraw=40, logz=-3.56, remainder_fraction=45.3509%, Lmin=8.66, Lmax=10.09
18:34:17 [ultranest] [DEBUG] iteration=5200, ncalls=98803, regioncalls=0, ndraw=40, logz=-3.56, remainder_fraction=45.2783%, Lmin=8.66, Lmax=10.09
18:34:17 [ultranest] [DEBUG] iteration=5214, ncalls=99164, regioncalls=0, ndraw=40, logz=-3.55, remainder_fraction=44.3856%, Lmin=8.69, Lmax=10.09
18:34:17 [ultranest] [DEBUG] iteration=5220, ncalls=99337, regioncalls=0, ndraw=40, logz=-3.54, remainder_fraction=43.9818%, Lmin=8.70, Lmax=10.09
18:34:18 [ultranest] [DEBUG] iteration=5229, ncalls=99559, regioncalls=0, ndraw=40, logz=-3.53, remainder_fraction=43.4145%, Lmin=8.71, Lmax=10.09
18:34:18 [ultranest] [DEBUG] iteration=5239, ncalls=99841, regioncalls=0, ndraw=40, logz=-3.52, remainder_fraction=42.8332%, Lmin=8.73, Lmax=10.09
18:34:18 [ultranest] [DEBUG] iteration=5240, ncalls=99871, regioncalls=0, ndraw=40, logz=-3.52, remainder_fraction=42.7848%, Lmin=8.73, Lmax=10.09
18:34:18 [ultranest] [DEBUG] iteration=5255, ncalls=100289, regioncalls=0, ndraw=40, logz=-3.50, remainder_fraction=41.7675%, Lmin=8.76, Lmax=10.09
18:34:18 [ultranest] [DEBUG] iteration=5271, ncalls=100696, regioncalls=0, ndraw=40, logz=-3.49, remainder_fraction=40.9179%, Lmin=8.78, Lmax=10.10
18:34:18 [ultranest] [DEBUG] iteration=5280, ncalls=100925, regioncalls=0, ndraw=40, logz=-3.48, remainder_fraction=40.4116%, Lmin=8.81, Lmax=10.10
18:34:18 [ultranest] [DEBUG] iteration=5295, ncalls=101322, regioncalls=0, ndraw=40, logz=-3.46, remainder_fraction=39.6308%, Lmin=8.82, Lmax=10.10
18:34:18 [ultranest] [DEBUG] iteration=5310, ncalls=101713, regioncalls=0, ndraw=40, logz=-3.45, remainder_fraction=38.8170%, Lmin=8.85, Lmax=10.10
18:34:18 [ultranest] [DEBUG] iteration=5320, ncalls=101993, regioncalls=0, ndraw=40, logz=-3.44, remainder_fraction=38.2712%, Lmin=8.86, Lmax=10.10
18:34:18 [ultranest] [DEBUG] iteration=5332, ncalls=102321, regioncalls=0, ndraw=40, logz=-3.43, remainder_fraction=37.5183%, Lmin=8.88, Lmax=10.10
18:34:18 [ultranest] [DEBUG] iteration=5345, ncalls=102676, regioncalls=0, ndraw=40, logz=-3.42, remainder_fraction=36.7908%, Lmin=8.91, Lmax=10.10
18:34:19 [ultranest] [DEBUG] iteration=5357, ncalls=103007, regioncalls=0, ndraw=40, logz=-3.41, remainder_fraction=36.3202%, Lmin=8.93, Lmax=10.10
18:34:19 [ultranest] [DEBUG] iteration=5360, ncalls=103099, regioncalls=0, ndraw=40, logz=-3.40, remainder_fraction=36.1676%, Lmin=8.94, Lmax=10.10
18:34:19 [ultranest] [DEBUG] iteration=5372, ncalls=103422, regioncalls=0, ndraw=40, logz=-3.39, remainder_fraction=35.4633%, Lmin=8.96, Lmax=10.10
18:34:19 [ultranest] [DEBUG] iteration=5386, ncalls=103807, regioncalls=0, ndraw=40, logz=-3.38, remainder_fraction=34.6596%, Lmin=8.98, Lmax=10.10
18:34:19 [ultranest] [DEBUG] iteration=5400, ncalls=104196, regioncalls=0, ndraw=40, logz=-3.37, remainder_fraction=33.9020%, Lmin=9.00, Lmax=10.10
18:34:19 [ultranest] [DEBUG] iteration=5411, ncalls=104470, regioncalls=0, ndraw=40, logz=-3.36, remainder_fraction=33.3581%, Lmin=9.02, Lmax=10.10
18:34:19 [ultranest] [DEBUG] iteration=5422, ncalls=104775, regioncalls=0, ndraw=40, logz=-3.35, remainder_fraction=32.7130%, Lmin=9.04, Lmax=10.10
18:34:19 [ultranest] [DEBUG] iteration=5438, ncalls=105178, regioncalls=0, ndraw=40, logz=-3.34, remainder_fraction=31.8631%, Lmin=9.07, Lmax=10.10
18:34:19 [ultranest] [DEBUG] iteration=5440, ncalls=105244, regioncalls=0, ndraw=40, logz=-3.34, remainder_fraction=31.7732%, Lmin=9.08, Lmax=10.10
18:34:19 [ultranest] [DEBUG] iteration=5455, ncalls=105667, regioncalls=0, ndraw=40, logz=-3.33, remainder_fraction=30.9729%, Lmin=9.09, Lmax=10.10
18:34:19 [ultranest] [DEBUG] iteration=5471, ncalls=106086, regioncalls=0, ndraw=40, logz=-3.32, remainder_fraction=30.0975%, Lmin=9.11, Lmax=10.10
18:34:20 [ultranest] [DEBUG] iteration=5480, ncalls=106324, regioncalls=0, ndraw=40, logz=-3.31, remainder_fraction=29.6004%, Lmin=9.13, Lmax=10.10
18:34:20 [ultranest] [DEBUG] iteration=5492, ncalls=106625, regioncalls=0, ndraw=40, logz=-3.30, remainder_fraction=28.9309%, Lmin=9.14, Lmax=10.10
18:34:20 [ultranest] [DEBUG] iteration=5503, ncalls=106925, regioncalls=0, ndraw=40, logz=-3.29, remainder_fraction=28.4760%, Lmin=9.17, Lmax=10.10
18:34:20 [ultranest] [DEBUG] iteration=5516, ncalls=107258, regioncalls=0, ndraw=40, logz=-3.28, remainder_fraction=27.9148%, Lmin=9.18, Lmax=10.10
18:34:20 [ultranest] [DEBUG] iteration=5520, ncalls=107372, regioncalls=0, ndraw=40, logz=-3.28, remainder_fraction=27.7915%, Lmin=9.19, Lmax=10.10
18:34:20 [ultranest] [DEBUG] iteration=5533, ncalls=107747, regioncalls=0, ndraw=40, logz=-3.27, remainder_fraction=27.1431%, Lmin=9.21, Lmax=10.10
18:34:20 [ultranest] [DEBUG] iteration=5549, ncalls=108159, regioncalls=0, ndraw=40, logz=-3.26, remainder_fraction=26.3298%, Lmin=9.23, Lmax=10.10
18:34:20 [ultranest] [DEBUG] iteration=5560, ncalls=108459, regioncalls=0, ndraw=40, logz=-3.26, remainder_fraction=25.8468%, Lmin=9.23, Lmax=10.10
18:34:20 [ultranest] [DEBUG] iteration=5576, ncalls=108882, regioncalls=0, ndraw=40, logz=-3.25, remainder_fraction=25.1789%, Lmin=9.25, Lmax=10.10
18:34:20 [ultranest] [DEBUG] iteration=5580, ncalls=108995, regioncalls=0, ndraw=40, logz=-3.24, remainder_fraction=25.0197%, Lmin=9.26, Lmax=10.10
18:34:20 [ultranest] [DEBUG] iteration=5590, ncalls=109244, regioncalls=0, ndraw=40, logz=-3.24, remainder_fraction=24.5480%, Lmin=9.26, Lmax=10.10
18:34:21 [ultranest] [DEBUG] iteration=5600, ncalls=109490, regioncalls=0, ndraw=40, logz=-3.23, remainder_fraction=24.1257%, Lmin=9.28, Lmax=10.10
18:34:21 [ultranest] [DEBUG] iteration=5616, ncalls=109903, regioncalls=0, ndraw=40, logz=-3.22, remainder_fraction=23.4687%, Lmin=9.30, Lmax=10.10
18:34:21 [ultranest] [DEBUG] iteration=5633, ncalls=110357, regioncalls=0, ndraw=40, logz=-3.22, remainder_fraction=22.7897%, Lmin=9.32, Lmax=10.10
18:34:21 [ultranest] [DEBUG] iteration=5640, ncalls=110537, regioncalls=0, ndraw=40, logz=-3.21, remainder_fraction=22.4683%, Lmin=9.32, Lmax=10.10
18:34:21 [ultranest] [DEBUG] iteration=5656, ncalls=110960, regioncalls=0, ndraw=40, logz=-3.20, remainder_fraction=21.8217%, Lmin=9.35, Lmax=10.10
18:34:21 [ultranest] [DEBUG] iteration=5670, ncalls=111341, regioncalls=0, ndraw=40, logz=-3.20, remainder_fraction=21.2452%, Lmin=9.37, Lmax=10.10
18:34:21 [ultranest] [DEBUG] iteration=5680, ncalls=111593, regioncalls=0, ndraw=40, logz=-3.19, remainder_fraction=20.8952%, Lmin=9.38, Lmax=10.10
18:34:21 [ultranest] [DEBUG] iteration=5693, ncalls=111936, regioncalls=0, ndraw=40, logz=-3.18, remainder_fraction=20.4003%, Lmin=9.39, Lmax=10.10
18:34:21 [ultranest] [DEBUG] iteration=5710, ncalls=112380, regioncalls=0, ndraw=40, logz=-3.18, remainder_fraction=19.7595%, Lmin=9.41, Lmax=10.10
18:34:21 [ultranest] [DEBUG] iteration=5720, ncalls=112644, regioncalls=0, ndraw=40, logz=-3.17, remainder_fraction=19.3915%, Lmin=9.42, Lmax=10.10
18:34:21 [ultranest] [DEBUG] iteration=5737, ncalls=113091, regioncalls=0, ndraw=40, logz=-3.16, remainder_fraction=18.8088%, Lmin=9.44, Lmax=10.10
18:34:22 [ultranest] [DEBUG] iteration=5754, ncalls=113547, regioncalls=0, ndraw=40, logz=-3.16, remainder_fraction=18.1595%, Lmin=9.46, Lmax=10.10
18:34:22 [ultranest] [DEBUG] iteration=5760, ncalls=113717, regioncalls=0, ndraw=40, logz=-3.15, remainder_fraction=17.9391%, Lmin=9.46, Lmax=10.10
18:34:22 [ultranest] [DEBUG] iteration=5773, ncalls=114050, regioncalls=0, ndraw=40, logz=-3.15, remainder_fraction=17.5070%, Lmin=9.48, Lmax=10.10
18:34:22 [ultranest] [DEBUG] iteration=5787, ncalls=114404, regioncalls=0, ndraw=40, logz=-3.14, remainder_fraction=17.0068%, Lmin=9.49, Lmax=10.10
18:34:22 [ultranest] [DEBUG] iteration=5800, ncalls=114750, regioncalls=0, ndraw=40, logz=-3.14, remainder_fraction=16.5909%, Lmin=9.50, Lmax=10.10
18:34:22 [ultranest] [DEBUG] iteration=5816, ncalls=115156, regioncalls=0, ndraw=40, logz=-3.13, remainder_fraction=16.0726%, Lmin=9.52, Lmax=10.10
18:34:22 [ultranest] [DEBUG] iteration=5833, ncalls=115606, regioncalls=0, ndraw=40, logz=-3.13, remainder_fraction=15.5664%, Lmin=9.54, Lmax=10.10
18:34:22 [ultranest] [DEBUG] iteration=5840, ncalls=115810, regioncalls=0, ndraw=40, logz=-3.12, remainder_fraction=15.3715%, Lmin=9.55, Lmax=10.10
18:34:22 [ultranest] [DEBUG] iteration=5850, ncalls=116071, regioncalls=0, ndraw=40, logz=-3.12, remainder_fraction=15.0637%, Lmin=9.56, Lmax=10.10
18:34:22 [ultranest] [DEBUG] iteration=5863, ncalls=116415, regioncalls=0, ndraw=40, logz=-3.12, remainder_fraction=14.6802%, Lmin=9.57, Lmax=10.10
18:34:22 [ultranest] [DEBUG] iteration=5877, ncalls=116776, regioncalls=0, ndraw=40, logz=-3.11, remainder_fraction=14.2435%, Lmin=9.58, Lmax=10.10
18:34:22 [ultranest] [DEBUG] iteration=5880, ncalls=116859, regioncalls=0, ndraw=40, logz=-3.11, remainder_fraction=14.1579%, Lmin=9.58, Lmax=10.10
18:34:23 [ultranest] [DEBUG] iteration=5896, ncalls=117275, regioncalls=0, ndraw=40, logz=-3.10, remainder_fraction=13.7080%, Lmin=9.59, Lmax=10.10
18:34:23 [ultranest] [DEBUG] iteration=5910, ncalls=117653, regioncalls=0, ndraw=40, logz=-3.10, remainder_fraction=13.3123%, Lmin=9.60, Lmax=10.10
18:34:23 [ultranest] [DEBUG] iteration=5920, ncalls=117941, regioncalls=0, ndraw=40, logz=-3.10, remainder_fraction=13.0580%, Lmin=9.61, Lmax=10.10
18:34:23 [ultranest] [DEBUG] iteration=5936, ncalls=118371, regioncalls=0, ndraw=40, logz=-3.09, remainder_fraction=12.6580%, Lmin=9.62, Lmax=10.10
18:34:23 [ultranest] [DEBUG] iteration=5940, ncalls=118477, regioncalls=0, ndraw=40, logz=-3.09, remainder_fraction=12.5434%, Lmin=9.62, Lmax=10.10
18:34:23 [ultranest] [DEBUG] iteration=5952, ncalls=118803, regioncalls=0, ndraw=40, logz=-3.09, remainder_fraction=12.2484%, Lmin=9.63, Lmax=10.10
18:34:23 [ultranest] [DEBUG] iteration=5960, ncalls=119019, regioncalls=0, ndraw=40, logz=-3.09, remainder_fraction=12.0434%, Lmin=9.63, Lmax=10.10
18:34:23 [ultranest] [DEBUG] iteration=5975, ncalls=119417, regioncalls=0, ndraw=40, logz=-3.08, remainder_fraction=11.6840%, Lmin=9.64, Lmax=10.10
18:34:23 [ultranest] [DEBUG] iteration=5991, ncalls=119820, regioncalls=0, ndraw=40, logz=-3.08, remainder_fraction=11.3024%, Lmin=9.64, Lmax=10.10
18:34:23 [ultranest] [DEBUG] iteration=6000, ncalls=120044, regioncalls=0, ndraw=40, logz=-3.07, remainder_fraction=11.1011%, Lmin=9.65, Lmax=10.10
18:34:23 [ultranest] [DEBUG] iteration=6015, ncalls=120457, regioncalls=0, ndraw=40, logz=-3.07, remainder_fraction=10.7579%, Lmin=9.66, Lmax=10.10
18:34:24 [ultranest] [DEBUG] iteration=6030, ncalls=120863, regioncalls=0, ndraw=40, logz=-3.07, remainder_fraction=10.4322%, Lmin=9.67, Lmax=10.10
18:34:24 [ultranest] [DEBUG] iteration=6040, ncalls=121147, regioncalls=0, ndraw=40, logz=-3.06, remainder_fraction=10.2090%, Lmin=9.68, Lmax=10.10
18:34:24 [ultranest] [DEBUG] iteration=6053, ncalls=121505, regioncalls=0, ndraw=40, logz=-3.06, remainder_fraction=9.9209%, Lmin=9.69, Lmax=10.10
18:34:24 [ultranest] [DEBUG] iteration=6069, ncalls=121905, regioncalls=0, ndraw=40, logz=-3.06, remainder_fraction=9.5855%, Lmin=9.70, Lmax=10.10
18:34:24 [ultranest] [DEBUG] iteration=6080, ncalls=122193, regioncalls=0, ndraw=40, logz=-3.06, remainder_fraction=9.3580%, Lmin=9.71, Lmax=10.10
18:34:24 [ultranest] [DEBUG] iteration=6095, ncalls=122618, regioncalls=0, ndraw=40, logz=-3.05, remainder_fraction=9.0809%, Lmin=9.72, Lmax=10.10
18:34:24 [ultranest] [DEBUG] iteration=6112, ncalls=123053, regioncalls=0, ndraw=40, logz=-3.05, remainder_fraction=8.7657%, Lmin=9.74, Lmax=10.10
18:34:24 [ultranest] [DEBUG] iteration=6120, ncalls=123268, regioncalls=0, ndraw=40, logz=-3.05, remainder_fraction=8.6161%, Lmin=9.74, Lmax=10.10
18:34:24 [ultranest] [DEBUG] iteration=6132, ncalls=123585, regioncalls=0, ndraw=40, logz=-3.04, remainder_fraction=8.3995%, Lmin=9.75, Lmax=10.10
18:34:24 [ultranest] [DEBUG] iteration=6145, ncalls=123938, regioncalls=0, ndraw=40, logz=-3.04, remainder_fraction=8.1686%, Lmin=9.75, Lmax=10.10
18:34:24 [ultranest] [DEBUG] iteration=6160, ncalls=124368, regioncalls=0, ndraw=40, logz=-3.04, remainder_fraction=7.8993%, Lmin=9.76, Lmax=10.10
18:34:25 [ultranest] [DEBUG] iteration=6175, ncalls=124792, regioncalls=0, ndraw=40, logz=-3.04, remainder_fraction=7.6397%, Lmin=9.77, Lmax=10.10
18:34:25 [ultranest] [DEBUG] iteration=6191, ncalls=125231, regioncalls=0, ndraw=40, logz=-3.03, remainder_fraction=7.3953%, Lmin=9.78, Lmax=10.11
18:34:25 [ultranest] [DEBUG] iteration=6200, ncalls=125490, regioncalls=0, ndraw=40, logz=-3.03, remainder_fraction=7.2524%, Lmin=9.79, Lmax=10.11
18:34:25 [ultranest] [DEBUG] iteration=6210, ncalls=125729, regioncalls=0, ndraw=40, logz=-3.03, remainder_fraction=7.0909%, Lmin=9.79, Lmax=10.11
18:34:25 [ultranest] [DEBUG] iteration=6223, ncalls=126087, regioncalls=0, ndraw=40, logz=-3.03, remainder_fraction=6.8878%, Lmin=9.80, Lmax=10.11
18:34:25 [ultranest] [DEBUG] iteration=6235, ncalls=126413, regioncalls=0, ndraw=40, logz=-3.03, remainder_fraction=6.7065%, Lmin=9.80, Lmax=10.11
18:34:25 [ultranest] [DEBUG] iteration=6240, ncalls=126547, regioncalls=0, ndraw=40, logz=-3.03, remainder_fraction=6.6287%, Lmin=9.80, Lmax=10.11
18:34:25 [ultranest] [DEBUG] iteration=6256, ncalls=126953, regioncalls=0, ndraw=40, logz=-3.02, remainder_fraction=6.4016%, Lmin=9.81, Lmax=10.11
18:34:25 [ultranest] [DEBUG] iteration=6273, ncalls=127386, regioncalls=0, ndraw=40, logz=-3.02, remainder_fraction=6.1650%, Lmin=9.82, Lmax=10.11
18:34:25 [ultranest] [DEBUG] iteration=6280, ncalls=127568, regioncalls=0, ndraw=40, logz=-3.02, remainder_fraction=6.0708%, Lmin=9.82, Lmax=10.11
18:34:25 [ultranest] [DEBUG] iteration=6297, ncalls=127998, regioncalls=0, ndraw=40, logz=-3.02, remainder_fraction=5.8438%, Lmin=9.83, Lmax=10.11
18:34:26 [ultranest] [DEBUG] iteration=6308, ncalls=128293, regioncalls=0, ndraw=40, logz=-3.02, remainder_fraction=5.6977%, Lmin=9.83, Lmax=10.11
18:34:26 [ultranest] [DEBUG] iteration=6320, ncalls=128596, regioncalls=0, ndraw=40, logz=-3.01, remainder_fraction=5.5448%, Lmin=9.84, Lmax=10.11
18:34:26 [ultranest] [DEBUG] iteration=6335, ncalls=128995, regioncalls=0, ndraw=40, logz=-3.01, remainder_fraction=5.3660%, Lmin=9.84, Lmax=10.11
18:34:26 [ultranest] [DEBUG] iteration=6351, ncalls=129429, regioncalls=0, ndraw=40, logz=-3.01, remainder_fraction=5.1778%, Lmin=9.85, Lmax=10.11
18:34:26 [ultranest] [DEBUG] iteration=6360, ncalls=129659, regioncalls=0, ndraw=40, logz=-3.01, remainder_fraction=5.0781%, Lmin=9.85, Lmax=10.11
18:34:26 [ultranest] [DEBUG] iteration=6376, ncalls=130082, regioncalls=0, ndraw=40, logz=-3.01, remainder_fraction=4.8975%, Lmin=9.86, Lmax=10.11
18:34:26 [ultranest] [DEBUG] iteration=6390, ncalls=130462, regioncalls=0, ndraw=40, logz=-3.01, remainder_fraction=4.7460%, Lmin=9.87, Lmax=10.11
18:34:26 [ultranest] [DEBUG] iteration=6400, ncalls=130725, regioncalls=0, ndraw=40, logz=-3.00, remainder_fraction=4.6430%, Lmin=9.87, Lmax=10.11
18:34:26 [ultranest] [DEBUG] iteration=6413, ncalls=131053, regioncalls=0, ndraw=40, logz=-3.00, remainder_fraction=4.5045%, Lmin=9.87, Lmax=10.11
18:34:26 [ultranest] [DEBUG] iteration=6430, ncalls=131461, regioncalls=0, ndraw=40, logz=-3.00, remainder_fraction=4.3326%, Lmin=9.88, Lmax=10.11
18:34:26 [ultranest] [DEBUG] iteration=6440, ncalls=131736, regioncalls=0, ndraw=40, logz=-3.00, remainder_fraction=4.2331%, Lmin=9.89, Lmax=10.11
18:34:27 [ultranest] [DEBUG] iteration=6457, ncalls=132179, regioncalls=0, ndraw=40, logz=-3.00, remainder_fraction=4.0768%, Lmin=9.89, Lmax=10.11
18:34:27 [ultranest] [DEBUG] iteration=6473, ncalls=132605, regioncalls=0, ndraw=40, logz=-3.00, remainder_fraction=3.9285%, Lmin=9.90, Lmax=10.11
18:34:27 [ultranest] [DEBUG] iteration=6480, ncalls=132801, regioncalls=0, ndraw=40, logz=-3.00, remainder_fraction=3.8698%, Lmin=9.90, Lmax=10.11
18:34:27 [ultranest] [DEBUG] iteration=6494, ncalls=133142, regioncalls=0, ndraw=40, logz=-3.00, remainder_fraction=3.7462%, Lmin=9.91, Lmax=10.11
18:34:27 [ultranest] [DEBUG] iteration=6507, ncalls=133468, regioncalls=0, ndraw=40, logz=-2.99, remainder_fraction=3.6365%, Lmin=9.91, Lmax=10.11
18:34:27 [ultranest] [DEBUG] iteration=6520, ncalls=133813, regioncalls=0, ndraw=40, logz=-2.99, remainder_fraction=3.5264%, Lmin=9.92, Lmax=10.11
18:34:27 [ultranest] [DEBUG] iteration=6537, ncalls=134243, regioncalls=0, ndraw=40, logz=-2.99, remainder_fraction=3.3902%, Lmin=9.92, Lmax=10.11
18:34:27 [ultranest] [DEBUG] iteration=6553, ncalls=134672, regioncalls=0, ndraw=40, logz=-2.99, remainder_fraction=3.2692%, Lmin=9.93, Lmax=10.11
18:34:27 [ultranest] [DEBUG] iteration=6560, ncalls=134855, regioncalls=0, ndraw=40, logz=-2.99, remainder_fraction=3.2177%, Lmin=9.93, Lmax=10.11
18:34:27 [ultranest] [DEBUG] iteration=6570, ncalls=135107, regioncalls=0, ndraw=40, logz=-2.99, remainder_fraction=3.1459%, Lmin=9.93, Lmax=10.11
18:34:27 [ultranest] [DEBUG] iteration=6581, ncalls=135394, regioncalls=0, ndraw=40, logz=-2.99, remainder_fraction=3.0652%, Lmin=9.94, Lmax=10.11
18:34:28 [ultranest] [DEBUG] iteration=6593, ncalls=135696, regioncalls=0, ndraw=40, logz=-2.99, remainder_fraction=2.9800%, Lmin=9.94, Lmax=10.11
18:34:28 [ultranest] [DEBUG] iteration=6600, ncalls=135886, regioncalls=0, ndraw=40, logz=-2.99, remainder_fraction=2.9307%, Lmin=9.95, Lmax=10.11
18:34:28 [ultranest] [DEBUG] iteration=6616, ncalls=136294, regioncalls=0, ndraw=40, logz=-2.99, remainder_fraction=2.8216%, Lmin=9.95, Lmax=10.11
18:34:28 [ultranest] [DEBUG] iteration=6632, ncalls=136719, regioncalls=0, ndraw=40, logz=-2.98, remainder_fraction=2.7177%, Lmin=9.95, Lmax=10.11
18:34:28 [ultranest] [DEBUG] iteration=6640, ncalls=136933, regioncalls=0, ndraw=40, logz=-2.98, remainder_fraction=2.6663%, Lmin=9.96, Lmax=10.11
18:34:28 [ultranest] [DEBUG] iteration=6656, ncalls=137346, regioncalls=0, ndraw=40, logz=-2.98, remainder_fraction=2.5679%, Lmin=9.96, Lmax=10.11
18:34:28 [ultranest] [DEBUG] iteration=6660, ncalls=137446, regioncalls=0, ndraw=40, logz=-2.98, remainder_fraction=2.5438%, Lmin=9.96, Lmax=10.11
18:34:28 [ultranest] [DEBUG] iteration=6673, ncalls=137765, regioncalls=0, ndraw=40, logz=-2.98, remainder_fraction=2.4670%, Lmin=9.96, Lmax=10.11
18:34:28 [ultranest] [DEBUG] iteration=6680, ncalls=137940, regioncalls=0, ndraw=40, logz=-2.98, remainder_fraction=2.4269%, Lmin=9.96, Lmax=10.11
18:34:28 [ultranest] [DEBUG] iteration=6695, ncalls=138337, regioncalls=0, ndraw=40, logz=-2.98, remainder_fraction=2.3431%, Lmin=9.97, Lmax=10.11
18:34:28 [ultranest] [DEBUG] iteration=6712, ncalls=138760, regioncalls=0, ndraw=40, logz=-2.98, remainder_fraction=2.2492%, Lmin=9.97, Lmax=10.11
18:34:28 [ultranest] [DEBUG] iteration=6720, ncalls=138970, regioncalls=0, ndraw=40, logz=-2.98, remainder_fraction=2.2079%, Lmin=9.98, Lmax=10.11
18:34:29 [ultranest] [DEBUG] iteration=6737, ncalls=139401, regioncalls=0, ndraw=40, logz=-2.98, remainder_fraction=2.1190%, Lmin=9.98, Lmax=10.11
18:34:29 [ultranest] [DEBUG] iteration=6750, ncalls=139785, regioncalls=0, ndraw=40, logz=-2.98, remainder_fraction=2.0543%, Lmin=9.98, Lmax=10.11
18:34:29 [ultranest] [DEBUG] iteration=6760, ncalls=140039, regioncalls=0, ndraw=40, logz=-2.98, remainder_fraction=2.0055%, Lmin=9.98, Lmax=10.11
18:34:29 [ultranest] [DEBUG] iteration=6772, ncalls=140357, regioncalls=0, ndraw=40, logz=-2.98, remainder_fraction=1.9487%, Lmin=9.99, Lmax=10.11
18:34:29 [ultranest] [DEBUG] iteration=6788, ncalls=140800, regioncalls=0, ndraw=40, logz=-2.98, remainder_fraction=1.8760%, Lmin=9.99, Lmax=10.11
18:34:29 [ultranest] [DEBUG] iteration=6800, ncalls=141119, regioncalls=0, ndraw=40, logz=-2.98, remainder_fraction=1.8240%, Lmin=9.99, Lmax=10.11
18:34:29 [ultranest] [DEBUG] iteration=6816, ncalls=141550, regioncalls=0, ndraw=40, logz=-2.97, remainder_fraction=1.7557%, Lmin=10.00, Lmax=10.11
18:34:29 [ultranest] [DEBUG] iteration=6833, ncalls=141997, regioncalls=0, ndraw=40, logz=-2.97, remainder_fraction=1.6867%, Lmin=10.00, Lmax=10.11
18:34:29 [ultranest] [DEBUG] iteration=6840, ncalls=142174, regioncalls=0, ndraw=40, logz=-2.97, remainder_fraction=1.6585%, Lmin=10.00, Lmax=10.11
18:34:29 [ultranest] [DEBUG] iteration=6854, ncalls=142536, regioncalls=0, ndraw=40, logz=-2.97, remainder_fraction=1.6034%, Lmin=10.00, Lmax=10.11
18:34:29 [ultranest] [DEBUG] iteration=6867, ncalls=142880, regioncalls=0, ndraw=40, logz=-2.97, remainder_fraction=1.5541%, Lmin=10.00, Lmax=10.11
18:34:30 [ultranest] [DEBUG] iteration=6880, ncalls=143232, regioncalls=0, ndraw=40, logz=-2.97, remainder_fraction=1.5069%, Lmin=10.01, Lmax=10.11
18:34:30 [ultranest] [DEBUG] iteration=6896, ncalls=143648, regioncalls=0, ndraw=40, logz=-2.97, remainder_fraction=1.4498%, Lmin=10.01, Lmax=10.11
18:34:30 [ultranest] [DEBUG] iteration=6912, ncalls=144094, regioncalls=0, ndraw=40, logz=-2.97, remainder_fraction=1.3950%, Lmin=10.01, Lmax=10.11
18:34:30 [ultranest] [DEBUG] iteration=6920, ncalls=144300, regioncalls=0, ndraw=40, logz=-2.97, remainder_fraction=1.3685%, Lmin=10.01, Lmax=10.11
18:34:30 [ultranest] [DEBUG] iteration=6933, ncalls=144658, regioncalls=0, ndraw=40, logz=-2.97, remainder_fraction=1.3263%, Lmin=10.01, Lmax=10.11
18:34:30 [ultranest] [DEBUG] iteration=6945, ncalls=144979, regioncalls=0, ndraw=40, logz=-2.97, remainder_fraction=1.2886%, Lmin=10.02, Lmax=10.11
18:34:30 [ultranest] [DEBUG] iteration=6959, ncalls=145349, regioncalls=0, ndraw=40, logz=-2.97, remainder_fraction=1.2457%, Lmin=10.02, Lmax=10.11
18:34:30 [ultranest] [DEBUG] iteration=6960, ncalls=145376, regioncalls=0, ndraw=40, logz=-2.97, remainder_fraction=1.2429%, Lmin=10.02, Lmax=10.11
18:34:30 [ultranest] [DEBUG] iteration=6977, ncalls=145818, regioncalls=0, ndraw=40, logz=-2.97, remainder_fraction=1.1929%, Lmin=10.02, Lmax=10.11
18:34:30 [ultranest] [DEBUG] iteration=6994, ncalls=146272, regioncalls=0, ndraw=40, logz=-2.97, remainder_fraction=1.1455%, Lmin=10.03, Lmax=10.11
18:34:30 [ultranest] [DEBUG] iteration=7000, ncalls=146444, regioncalls=0, ndraw=40, logz=-2.97, remainder_fraction=1.1288%, Lmin=10.03, Lmax=10.11
18:34:30 [ultranest] [DEBUG] iteration=7016, ncalls=146876, regioncalls=0, ndraw=40, logz=-2.97, remainder_fraction=1.0857%, Lmin=10.03, Lmax=10.11
18:34:31 [ultranest] [DEBUG] iteration=7020, ncalls=146979, regioncalls=0, ndraw=40, logz=-2.97, remainder_fraction=1.0753%, Lmin=10.03, Lmax=10.11
18:34:31 [ultranest] [DEBUG] iteration=7031, ncalls=147264, regioncalls=0, ndraw=40, logz=-2.97, remainder_fraction=1.0471%, Lmin=10.03, Lmax=10.11
18:34:31 [ultranest] [DEBUG] iteration=7040, ncalls=147491, regioncalls=0, ndraw=40, logz=-2.97, remainder_fraction=1.0245%, Lmin=10.03, Lmax=10.11
18:34:31 [ultranest] [INFO] Explored until L=1e+01  
18:34:31 [ultranest] [INFO] Likelihood function evaluations: 147747
18:34:33 [ultranest] [INFO] Writing samples and results to disk ...
18:34:33 [ultranest] [INFO] Writing samples and results to disk ... done
18:34:33 [ultranest] [DEBUG] did a run_iter pass!
18:34:33 [ultranest] [INFO]   logZ = -2.94 +- 0.1486
18:34:33 [ultranest] [INFO] Effective samples strategy satisfied (ESS = 2216.3, need >400)
18:34:33 [ultranest] [INFO] Posterior uncertainty strategy is satisfied (KL: 0.47+-0.06 nat, need <0.50 nat)
18:34:33 [ultranest] [INFO] Evidency uncertainty strategy is satisfied (dlogz=0.15, need <0.5)
18:34:33 [ultranest] [INFO]   logZ error budget: single: 0.17 bs:0.15 tail:0.01 total:0.15 required:<0.50
18:34:33 [ultranest] [INFO] done iterating.
